0 info it worked if it ends with ok
1 verbose cli [ '/Users/robertvandermark/.nvm/versions/node/v6.2.1/bin/node',
1 verbose cli   '/Users/robertvandermark/.nvm/versions/node/v6.2.1/bin/npm',
1 verbose cli   'install' ]
2 info using npm@3.9.3
3 info using node@v6.2.1
4 silly loadCurrentTree Starting
5 silly install loadCurrentTree
6 silly install readLocalPackageData
7 silly install normalizeTree
8 silly loadCurrentTree Finishing
9 silly loadIdealTree Starting
10 silly install loadIdealTree
11 silly cloneCurrentTree Starting
12 silly install cloneCurrentTreeToIdealTree
13 silly cloneCurrentTree Finishing
14 silly loadShrinkwrap Starting
15 silly install loadShrinkwrap
16 silly loadShrinkwrap Finishing
17 silly loadAllDepsIntoIdealTree Starting
18 silly install loadAllDepsIntoIdealTree
19 silly loadAllDepsIntoIdealTree Finishing
20 silly idealTree:prePrune wayne-warehouse@1.0.0
20 silly idealTree:prePrune ├── @types/geojson@1.0.4
20 silly idealTree:prePrune ├── @types/node@8.0.32
20 silly idealTree:prePrune ├── accepts@1.3.4
20 silly idealTree:prePrune ├─┬ acorn-dynamic-import@2.0.2
20 silly idealTree:prePrune │ └── acorn@4.0.13
20 silly idealTree:prePrune ├── acorn@5.1.2
20 silly idealTree:prePrune ├── ajv-keywords@2.1.0
20 silly idealTree:prePrune ├── ajv@5.2.3
20 silly idealTree:prePrune ├── align-text@0.1.4
20 silly idealTree:prePrune ├── ansi-regex@2.1.1
20 silly idealTree:prePrune ├── ansi-styles@3.2.0
20 silly idealTree:prePrune ├── anymatch@1.3.2
20 silly idealTree:prePrune ├── arr-diff@2.0.0
20 silly idealTree:prePrune ├── arr-flatten@1.1.0
20 silly idealTree:prePrune ├── array-flatten@1.1.1
20 silly idealTree:prePrune ├── array-unique@0.2.1
20 silly idealTree:prePrune ├── asap@2.0.6
20 silly idealTree:prePrune ├── asn1.js@4.9.1
20 silly idealTree:prePrune ├── assert@1.4.1
20 silly idealTree:prePrune ├── async-each@1.0.1
20 silly idealTree:prePrune ├── async@2.5.0
20 silly idealTree:prePrune ├── axios@0.16.2
20 silly idealTree:prePrune ├─┬ babel-code-frame@6.26.0
20 silly idealTree:prePrune │ ├── ansi-styles@2.2.1
20 silly idealTree:prePrune │ ├── chalk@1.1.3
20 silly idealTree:prePrune │ └── supports-color@2.0.0
20 silly idealTree:prePrune ├── babel-core@6.26.0
20 silly idealTree:prePrune ├── babel-generator@6.26.0
20 silly idealTree:prePrune ├── babel-helper-builder-react-jsx@6.26.0
20 silly idealTree:prePrune ├── babel-helper-call-delegate@6.24.1
20 silly idealTree:prePrune ├── babel-helper-define-map@6.26.0
20 silly idealTree:prePrune ├── babel-helper-function-name@6.24.1
20 silly idealTree:prePrune ├── babel-helper-get-function-arity@6.24.1
20 silly idealTree:prePrune ├── babel-helper-hoist-variables@6.24.1
20 silly idealTree:prePrune ├── babel-helper-optimise-call-expression@6.24.1
20 silly idealTree:prePrune ├── babel-helper-regex@6.26.0
20 silly idealTree:prePrune ├── babel-helper-replace-supers@6.24.1
20 silly idealTree:prePrune ├── babel-helpers@6.24.1
20 silly idealTree:prePrune ├── babel-loader@7.1.2
20 silly idealTree:prePrune ├── babel-messages@6.23.0
20 silly idealTree:prePrune ├── babel-plugin-check-es2015-constants@6.22.0
20 silly idealTree:prePrune ├── babel-plugin-syntax-flow@6.18.0
20 silly idealTree:prePrune ├── babel-plugin-syntax-jsx@6.18.0
20 silly idealTree:prePrune ├── babel-plugin-transform-es2015-arrow-functions@6.22.0
20 silly idealTree:prePrune ├── babel-plugin-transform-es2015-block-scoped-functions@6.22.0
20 silly idealTree:prePrune ├── babel-plugin-transform-es2015-block-scoping@6.26.0
20 silly idealTree:prePrune ├── babel-plugin-transform-es2015-classes@6.24.1
20 silly idealTree:prePrune ├── babel-plugin-transform-es2015-computed-properties@6.24.1
20 silly idealTree:prePrune ├── babel-plugin-transform-es2015-destructuring@6.23.0
20 silly idealTree:prePrune ├── babel-plugin-transform-es2015-duplicate-keys@6.24.1
20 silly idealTree:prePrune ├── babel-plugin-transform-es2015-for-of@6.23.0
20 silly idealTree:prePrune ├── babel-plugin-transform-es2015-function-name@6.24.1
20 silly idealTree:prePrune ├── babel-plugin-transform-es2015-literals@6.22.0
20 silly idealTree:prePrune ├── babel-plugin-transform-es2015-modules-amd@6.24.1
20 silly idealTree:prePrune ├── babel-plugin-transform-es2015-modules-commonjs@6.26.0
20 silly idealTree:prePrune ├── babel-plugin-transform-es2015-modules-systemjs@6.24.1
20 silly idealTree:prePrune ├── babel-plugin-transform-es2015-modules-umd@6.24.1
20 silly idealTree:prePrune ├── babel-plugin-transform-es2015-object-super@6.24.1
20 silly idealTree:prePrune ├── babel-plugin-transform-es2015-parameters@6.24.1
20 silly idealTree:prePrune ├── babel-plugin-transform-es2015-shorthand-properties@6.24.1
20 silly idealTree:prePrune ├── babel-plugin-transform-es2015-spread@6.22.0
20 silly idealTree:prePrune ├── babel-plugin-transform-es2015-sticky-regex@6.24.1
20 silly idealTree:prePrune ├── babel-plugin-transform-es2015-template-literals@6.22.0
20 silly idealTree:prePrune ├── babel-plugin-transform-es2015-typeof-symbol@6.23.0
20 silly idealTree:prePrune ├── babel-plugin-transform-es2015-unicode-regex@6.24.1
20 silly idealTree:prePrune ├── babel-plugin-transform-flow-strip-types@6.22.0
20 silly idealTree:prePrune ├── babel-plugin-transform-react-display-name@6.25.0
20 silly idealTree:prePrune ├── babel-plugin-transform-react-jsx-self@6.22.0
20 silly idealTree:prePrune ├── babel-plugin-transform-react-jsx-source@6.22.0
20 silly idealTree:prePrune ├── babel-plugin-transform-react-jsx@6.24.1
20 silly idealTree:prePrune ├── babel-plugin-transform-regenerator@6.26.0
20 silly idealTree:prePrune ├── babel-plugin-transform-strict-mode@6.24.1
20 silly idealTree:prePrune ├── babel-preset-es2015@6.24.1
20 silly idealTree:prePrune ├── babel-preset-flow@6.23.0
20 silly idealTree:prePrune ├── babel-preset-react@6.24.1
20 silly idealTree:prePrune ├── babel-register@6.26.0
20 silly idealTree:prePrune ├── babel-runtime@6.26.0
20 silly idealTree:prePrune ├── babel-template@6.26.0
20 silly idealTree:prePrune ├── babel-traverse@6.26.0
20 silly idealTree:prePrune ├── babel-types@6.26.0
20 silly idealTree:prePrune ├── babylon@6.18.0
20 silly idealTree:prePrune ├── balanced-match@1.0.0
20 silly idealTree:prePrune ├── base64-js@1.2.1
20 silly idealTree:prePrune ├── big.js@3.2.0
20 silly idealTree:prePrune ├── binary-extensions@1.10.0
20 silly idealTree:prePrune ├── bluebird@3.5.1
20 silly idealTree:prePrune ├── bn.js@4.11.8
20 silly idealTree:prePrune ├── body-parser@1.18.2
20 silly idealTree:prePrune ├── bootstrap@3.3.7
20 silly idealTree:prePrune ├── brace-expansion@1.1.8
20 silly idealTree:prePrune ├── braces@1.8.5
20 silly idealTree:prePrune ├── brorand@1.1.0
20 silly idealTree:prePrune ├── browserify-aes@1.0.8
20 silly idealTree:prePrune ├── browserify-cipher@1.0.0
20 silly idealTree:prePrune ├── browserify-des@1.0.0
20 silly idealTree:prePrune ├── browserify-rsa@4.0.1
20 silly idealTree:prePrune ├── browserify-sign@4.0.4
20 silly idealTree:prePrune ├── browserify-zlib@0.1.4
20 silly idealTree:prePrune ├── buffer-writer@1.0.1
20 silly idealTree:prePrune ├── buffer-xor@1.0.3
20 silly idealTree:prePrune ├── buffer@4.9.1
20 silly idealTree:prePrune ├── builtin-modules@1.1.1
20 silly idealTree:prePrune ├── builtin-status-codes@3.0.0
20 silly idealTree:prePrune ├── bytes@3.0.0
20 silly idealTree:prePrune ├── camelcase@1.2.1
20 silly idealTree:prePrune ├── center-align@0.1.3
20 silly idealTree:prePrune ├── chalk@2.1.0
20 silly idealTree:prePrune ├── chokidar@1.7.0
20 silly idealTree:prePrune ├── cipher-base@1.0.4
20 silly idealTree:prePrune ├── cliui@2.1.0
20 silly idealTree:prePrune ├── cls-bluebird@2.0.1
20 silly idealTree:prePrune ├── co@4.6.0
20 silly idealTree:prePrune ├── code-point-at@1.1.0
20 silly idealTree:prePrune ├── color-convert@1.9.0
20 silly idealTree:prePrune ├── color-name@1.1.3
20 silly idealTree:prePrune ├── commondir@1.0.1
20 silly idealTree:prePrune ├── concat-map@0.0.1
20 silly idealTree:prePrune ├── console-browserify@1.1.0
20 silly idealTree:prePrune ├── constants-browserify@1.0.0
20 silly idealTree:prePrune ├── content-disposition@0.5.2
20 silly idealTree:prePrune ├── content-type@1.0.4
20 silly idealTree:prePrune ├── convert-source-map@1.5.0
20 silly idealTree:prePrune ├── cookie-signature@1.0.6
20 silly idealTree:prePrune ├── cookie@0.3.1
20 silly idealTree:prePrune ├── core-js@2.5.1
20 silly idealTree:prePrune ├── core-util-is@1.0.2
20 silly idealTree:prePrune ├── create-ecdh@4.0.0
20 silly idealTree:prePrune ├── create-hash@1.1.3
20 silly idealTree:prePrune ├── create-hmac@1.1.6
20 silly idealTree:prePrune ├── create-react-class@15.6.2
20 silly idealTree:prePrune ├── cross-spawn@5.1.0
20 silly idealTree:prePrune ├── crypto-browserify@3.11.1
20 silly idealTree:prePrune ├── d@1.0.0
20 silly idealTree:prePrune ├── date-now@0.1.4
20 silly idealTree:prePrune ├── debug@2.6.9
20 silly idealTree:prePrune ├── decamelize@1.2.0
20 silly idealTree:prePrune ├── deep-diff@0.3.8
20 silly idealTree:prePrune ├── depd@1.1.1
20 silly idealTree:prePrune ├── des.js@1.0.0
20 silly idealTree:prePrune ├── destroy@1.0.4
20 silly idealTree:prePrune ├── detect-indent@4.0.0
20 silly idealTree:prePrune ├── diffie-hellman@5.0.2
20 silly idealTree:prePrune ├── domain-browser@1.1.7
20 silly idealTree:prePrune ├── dottie@2.0.0
20 silly idealTree:prePrune ├── ee-first@1.1.1
20 silly idealTree:prePrune ├── elliptic@6.4.0
20 silly idealTree:prePrune ├── emojis-list@2.1.0
20 silly idealTree:prePrune ├── encodeurl@1.0.1
20 silly idealTree:prePrune ├── encoding@0.1.12
20 silly idealTree:prePrune ├── enhanced-resolve@3.4.1
20 silly idealTree:prePrune ├── errno@0.1.4
20 silly idealTree:prePrune ├── error-ex@1.3.1
20 silly idealTree:prePrune ├── es5-ext@0.10.30
20 silly idealTree:prePrune ├── es6-iterator@2.0.1
20 silly idealTree:prePrune ├── es6-map@0.1.5
20 silly idealTree:prePrune ├── es6-set@0.1.5
20 silly idealTree:prePrune ├── es6-symbol@3.1.1
20 silly idealTree:prePrune ├── es6-weak-map@2.0.2
20 silly idealTree:prePrune ├── escape-html@1.0.3
20 silly idealTree:prePrune ├── escape-string-regexp@1.0.5
20 silly idealTree:prePrune ├── escope@3.6.0
20 silly idealTree:prePrune ├── esrecurse@4.2.0
20 silly idealTree:prePrune ├── estraverse@4.2.0
20 silly idealTree:prePrune ├── esutils@2.0.2
20 silly idealTree:prePrune ├── etag@1.8.1
20 silly idealTree:prePrune ├── event-emitter@0.3.5
20 silly idealTree:prePrune ├── events@1.1.1
20 silly idealTree:prePrune ├── evp_bytestokey@1.0.3
20 silly idealTree:prePrune ├── execa@0.7.0
20 silly idealTree:prePrune ├── expand-brackets@0.1.5
20 silly idealTree:prePrune ├── expand-range@1.8.2
20 silly idealTree:prePrune ├── express@4.16.1
20 silly idealTree:prePrune ├── extglob@0.3.2
20 silly idealTree:prePrune ├── fast-deep-equal@1.0.0
20 silly idealTree:prePrune ├─┬ fbjs@0.8.16
20 silly idealTree:prePrune │ └── core-js@1.2.7
20 silly idealTree:prePrune ├── filename-regex@2.0.1
20 silly idealTree:prePrune ├── fill-range@2.2.3
20 silly idealTree:prePrune ├── finalhandler@1.1.0
20 silly idealTree:prePrune ├── find-cache-dir@1.0.0
20 silly idealTree:prePrune ├── find-up@2.1.0
20 silly idealTree:prePrune ├── follow-redirects@1.2.5
20 silly idealTree:prePrune ├── for-in@1.0.2
20 silly idealTree:prePrune ├── for-own@0.1.5
20 silly idealTree:prePrune ├── forwarded@0.1.2
20 silly idealTree:prePrune ├── fresh@0.5.2
20 silly idealTree:prePrune ├─┬ fsevents@1.1.2
20 silly idealTree:prePrune │ ├── abbrev@1.1.0
20 silly idealTree:prePrune │ ├── ajv@4.11.8
20 silly idealTree:prePrune │ ├── ansi-regex@2.1.1
20 silly idealTree:prePrune │ ├── aproba@1.1.1
20 silly idealTree:prePrune │ ├── are-we-there-yet@1.1.4
20 silly idealTree:prePrune │ ├── asn1@0.2.3
20 silly idealTree:prePrune │ ├── assert-plus@0.2.0
20 silly idealTree:prePrune │ ├── asynckit@0.4.0
20 silly idealTree:prePrune │ ├── aws-sign2@0.6.0
20 silly idealTree:prePrune │ ├── aws4@1.6.0
20 silly idealTree:prePrune │ ├── balanced-match@0.4.2
20 silly idealTree:prePrune │ ├── bcrypt-pbkdf@1.0.1
20 silly idealTree:prePrune │ ├── block-stream@0.0.9
20 silly idealTree:prePrune │ ├── boom@2.10.1
20 silly idealTree:prePrune │ ├── brace-expansion@1.1.7
20 silly idealTree:prePrune │ ├── buffer-shims@1.0.0
20 silly idealTree:prePrune │ ├── caseless@0.12.0
20 silly idealTree:prePrune │ ├── co@4.6.0
20 silly idealTree:prePrune │ ├── code-point-at@1.1.0
20 silly idealTree:prePrune │ ├── combined-stream@1.0.5
20 silly idealTree:prePrune │ ├── concat-map@0.0.1
20 silly idealTree:prePrune │ ├── console-control-strings@1.1.0
20 silly idealTree:prePrune │ ├── core-util-is@1.0.2
20 silly idealTree:prePrune │ ├── cryptiles@2.0.5
20 silly idealTree:prePrune │ ├─┬ dashdash@1.14.1
20 silly idealTree:prePrune │ │ └── assert-plus@1.0.0
20 silly idealTree:prePrune │ ├── debug@2.6.8
20 silly idealTree:prePrune │ ├── deep-extend@0.4.2
20 silly idealTree:prePrune │ ├── delayed-stream@1.0.0
20 silly idealTree:prePrune │ ├── delegates@1.0.0
20 silly idealTree:prePrune │ ├── ecc-jsbn@0.1.1
20 silly idealTree:prePrune │ ├── extend@3.0.1
20 silly idealTree:prePrune │ ├── extsprintf@1.0.2
20 silly idealTree:prePrune │ ├── forever-agent@0.6.1
20 silly idealTree:prePrune │ ├── form-data@2.1.4
20 silly idealTree:prePrune │ ├── fs.realpath@1.0.0
20 silly idealTree:prePrune │ ├── fstream-ignore@1.0.5
20 silly idealTree:prePrune │ ├── fstream@1.0.11
20 silly idealTree:prePrune │ ├── gauge@2.7.4
20 silly idealTree:prePrune │ ├─┬ getpass@0.1.7
20 silly idealTree:prePrune │ │ └── assert-plus@1.0.0
20 silly idealTree:prePrune │ ├── glob@7.1.2
20 silly idealTree:prePrune │ ├── graceful-fs@4.1.11
20 silly idealTree:prePrune │ ├── har-schema@1.0.5
20 silly idealTree:prePrune │ ├── har-validator@4.2.1
20 silly idealTree:prePrune │ ├── has-unicode@2.0.1
20 silly idealTree:prePrune │ ├── hawk@3.1.3
20 silly idealTree:prePrune │ ├── hoek@2.16.3
20 silly idealTree:prePrune │ ├── http-signature@1.1.1
20 silly idealTree:prePrune │ ├── inflight@1.0.6
20 silly idealTree:prePrune │ ├── inherits@2.0.3
20 silly idealTree:prePrune │ ├── ini@1.3.4
20 silly idealTree:prePrune │ ├── is-fullwidth-code-point@1.0.0
20 silly idealTree:prePrune │ ├── is-typedarray@1.0.0
20 silly idealTree:prePrune │ ├── isarray@1.0.0
20 silly idealTree:prePrune │ ├── isstream@0.1.2
20 silly idealTree:prePrune │ ├── jodid25519@1.0.2
20 silly idealTree:prePrune │ ├── jsbn@0.1.1
20 silly idealTree:prePrune │ ├── json-schema@0.2.3
20 silly idealTree:prePrune │ ├── json-stable-stringify@1.0.1
20 silly idealTree:prePrune │ ├── json-stringify-safe@5.0.1
20 silly idealTree:prePrune │ ├── jsonify@0.0.0
20 silly idealTree:prePrune │ ├─┬ jsprim@1.4.0
20 silly idealTree:prePrune │ │ └── assert-plus@1.0.0
20 silly idealTree:prePrune │ ├── mime-db@1.27.0
20 silly idealTree:prePrune │ ├── mime-types@2.1.15
20 silly idealTree:prePrune │ ├── minimatch@3.0.4
20 silly idealTree:prePrune │ ├── minimist@0.0.8
20 silly idealTree:prePrune │ ├── mkdirp@0.5.1
20 silly idealTree:prePrune │ ├── ms@2.0.0
20 silly idealTree:prePrune │ ├── node-pre-gyp@0.6.36
20 silly idealTree:prePrune │ ├── nopt@4.0.1
20 silly idealTree:prePrune │ ├── npmlog@4.1.0
20 silly idealTree:prePrune │ ├── number-is-nan@1.0.1
20 silly idealTree:prePrune │ ├── oauth-sign@0.8.2
20 silly idealTree:prePrune │ ├── object-assign@4.1.1
20 silly idealTree:prePrune │ ├── once@1.4.0
20 silly idealTree:prePrune │ ├── os-homedir@1.0.2
20 silly idealTree:prePrune │ ├── os-tmpdir@1.0.2
20 silly idealTree:prePrune │ ├── osenv@0.1.4
20 silly idealTree:prePrune │ ├── path-is-absolute@1.0.1
20 silly idealTree:prePrune │ ├── performance-now@0.2.0
20 silly idealTree:prePrune │ ├── process-nextick-args@1.0.7
20 silly idealTree:prePrune │ ├── punycode@1.4.1
20 silly idealTree:prePrune │ ├── qs@6.4.0
20 silly idealTree:prePrune │ ├─┬ rc@1.2.1
20 silly idealTree:prePrune │ │ └── minimist@1.2.0
20 silly idealTree:prePrune │ ├── readable-stream@2.2.9
20 silly idealTree:prePrune │ ├── request@2.81.0
20 silly idealTree:prePrune │ ├── rimraf@2.6.1
20 silly idealTree:prePrune │ ├── safe-buffer@5.0.1
20 silly idealTree:prePrune │ ├── semver@5.3.0
20 silly idealTree:prePrune │ ├── set-blocking@2.0.0
20 silly idealTree:prePrune │ ├── signal-exit@3.0.2
20 silly idealTree:prePrune │ ├── sntp@1.0.9
20 silly idealTree:prePrune │ ├─┬ sshpk@1.13.0
20 silly idealTree:prePrune │ │ └── assert-plus@1.0.0
20 silly idealTree:prePrune │ ├── string_decoder@1.0.1
20 silly idealTree:prePrune │ ├── string-width@1.0.2
20 silly idealTree:prePrune │ ├── stringstream@0.0.5
20 silly idealTree:prePrune │ ├── strip-ansi@3.0.1
20 silly idealTree:prePrune │ ├── strip-json-comments@2.0.1
20 silly idealTree:prePrune │ ├── tar-pack@3.4.0
20 silly idealTree:prePrune │ ├── tar@2.2.1
20 silly idealTree:prePrune │ ├── tough-cookie@2.3.2
20 silly idealTree:prePrune │ ├── tunnel-agent@0.6.0
20 silly idealTree:prePrune │ ├── tweetnacl@0.14.5
20 silly idealTree:prePrune │ ├── uid-number@0.0.6
20 silly idealTree:prePrune │ ├── util-deprecate@1.0.2
20 silly idealTree:prePrune │ ├── uuid@3.0.1
20 silly idealTree:prePrune │ ├── verror@1.3.6
20 silly idealTree:prePrune │ ├── wide-align@1.1.2
20 silly idealTree:prePrune │ └── wrappy@1.0.2
20 silly idealTree:prePrune ├── generic-pool@3.1.8
20 silly idealTree:prePrune ├── get-caller-file@1.0.2
20 silly idealTree:prePrune ├── get-stream@3.0.0
20 silly idealTree:prePrune ├── glob-base@0.3.0
20 silly idealTree:prePrune ├── glob-parent@2.0.0
20 silly idealTree:prePrune ├── globals@9.18.0
20 silly idealTree:prePrune ├── graceful-fs@4.1.11
20 silly idealTree:prePrune ├── has-ansi@2.0.0
20 silly idealTree:prePrune ├── has-flag@2.0.0
20 silly idealTree:prePrune ├── hash-base@2.0.2
20 silly idealTree:prePrune ├── hash.js@1.1.3
20 silly idealTree:prePrune ├── history@4.7.2
20 silly idealTree:prePrune ├── hmac-drbg@1.0.1
20 silly idealTree:prePrune ├── hoist-non-react-statics@2.3.1
20 silly idealTree:prePrune ├── home-or-tmp@2.0.0
20 silly idealTree:prePrune ├── hosted-git-info@2.5.0
20 silly idealTree:prePrune ├─┬ http-errors@1.6.2
20 silly idealTree:prePrune │ └── setprototypeof@1.0.3
20 silly idealTree:prePrune ├── https-browserify@0.0.1
20 silly idealTree:prePrune ├── iconv-lite@0.4.19
20 silly idealTree:prePrune ├── ieee754@1.1.8
20 silly idealTree:prePrune ├── indexof@0.0.1
20 silly idealTree:prePrune ├── inflection@1.12.0
20 silly idealTree:prePrune ├── inherits@2.0.3
20 silly idealTree:prePrune ├── interpret@1.0.4
20 silly idealTree:prePrune ├── invariant@2.2.2
20 silly idealTree:prePrune ├── invert-kv@1.0.0
20 silly idealTree:prePrune ├── ipaddr.js@1.5.2
20 silly idealTree:prePrune ├── is-arrayish@0.2.1
20 silly idealTree:prePrune ├── is-binary-path@1.0.1
20 silly idealTree:prePrune ├── is-bluebird@1.0.2
20 silly idealTree:prePrune ├── is-buffer@1.1.5
20 silly idealTree:prePrune ├── is-builtin-module@1.0.0
20 silly idealTree:prePrune ├── is-dotfile@1.0.3
20 silly idealTree:prePrune ├── is-equal-shallow@0.1.3
20 silly idealTree:prePrune ├── is-extendable@0.1.1
20 silly idealTree:prePrune ├── is-extglob@1.0.0
20 silly idealTree:prePrune ├── is-finite@1.0.2
20 silly idealTree:prePrune ├── is-fullwidth-code-point@1.0.0
20 silly idealTree:prePrune ├── is-glob@2.0.1
20 silly idealTree:prePrune ├── is-number@2.1.0
20 silly idealTree:prePrune ├── is-posix-bracket@0.1.1
20 silly idealTree:prePrune ├── is-primitive@2.0.0
20 silly idealTree:prePrune ├── is-stream@1.1.0
20 silly idealTree:prePrune ├── isarray@1.0.0
20 silly idealTree:prePrune ├── isexe@2.0.0
20 silly idealTree:prePrune ├── isobject@2.1.0
20 silly idealTree:prePrune ├── isomorphic-fetch@2.2.1
20 silly idealTree:prePrune ├── js-string-escape@1.0.1
20 silly idealTree:prePrune ├── js-tokens@3.0.2
20 silly idealTree:prePrune ├── jsesc@1.3.0
20 silly idealTree:prePrune ├── json-loader@0.5.7
20 silly idealTree:prePrune ├── json-schema-traverse@0.3.1
20 silly idealTree:prePrune ├── json-stable-stringify@1.0.1
20 silly idealTree:prePrune ├── json5@0.5.1
20 silly idealTree:prePrune ├── jsonify@0.0.0
20 silly idealTree:prePrune ├── kind-of@3.2.2
20 silly idealTree:prePrune ├── lazy-cache@1.0.4
20 silly idealTree:prePrune ├── lcid@1.0.0
20 silly idealTree:prePrune ├── load-json-file@2.0.0
20 silly idealTree:prePrune ├── loader-runner@2.3.0
20 silly idealTree:prePrune ├── loader-utils@1.1.0
20 silly idealTree:prePrune ├── locate-path@2.0.0
20 silly idealTree:prePrune ├── lodash-es@4.17.4
20 silly idealTree:prePrune ├── lodash@4.17.4
20 silly idealTree:prePrune ├── longest@1.0.1
20 silly idealTree:prePrune ├── loose-envify@1.3.1
20 silly idealTree:prePrune ├── lru-cache@4.1.1
20 silly idealTree:prePrune ├── make-dir@1.0.0
20 silly idealTree:prePrune ├─┬ md5.js@1.3.4
20 silly idealTree:prePrune │ └── hash-base@3.0.4
20 silly idealTree:prePrune ├── media-typer@0.3.0
20 silly idealTree:prePrune ├── mem@1.1.0
20 silly idealTree:prePrune ├── memory-fs@0.4.1
20 silly idealTree:prePrune ├── merge-descriptors@1.0.1
20 silly idealTree:prePrune ├── methods@1.1.2
20 silly idealTree:prePrune ├── micromatch@2.3.11
20 silly idealTree:prePrune ├── miller-rabin@4.0.1
20 silly idealTree:prePrune ├── mime-db@1.30.0
20 silly idealTree:prePrune ├── mime-types@2.1.17
20 silly idealTree:prePrune ├── mime@1.4.1
20 silly idealTree:prePrune ├── mimic-fn@1.1.0
20 silly idealTree:prePrune ├── minimalistic-assert@1.0.0
20 silly idealTree:prePrune ├── minimalistic-crypto-utils@1.0.1
20 silly idealTree:prePrune ├── minimatch@3.0.4
20 silly idealTree:prePrune ├── minimist@0.0.8
20 silly idealTree:prePrune ├── mkdirp@0.5.1
20 silly idealTree:prePrune ├── moment-timezone@0.5.13
20 silly idealTree:prePrune ├── moment@2.18.1
20 silly idealTree:prePrune ├── ms@2.0.0
20 silly idealTree:prePrune ├── nan@2.7.0
20 silly idealTree:prePrune ├── negotiator@0.6.1
20 silly idealTree:prePrune ├── node-fetch@1.7.3
20 silly idealTree:prePrune ├─┬ node-libs-browser@2.0.0
20 silly idealTree:prePrune │ └── string_decoder@0.10.31
20 silly idealTree:prePrune ├── normalize-package-data@2.4.0
20 silly idealTree:prePrune ├── normalize-path@2.1.1
20 silly idealTree:prePrune ├── npm-run-path@2.0.2
20 silly idealTree:prePrune ├── number-is-nan@1.0.1
20 silly idealTree:prePrune ├── object-assign@4.1.1
20 silly idealTree:prePrune ├── object.omit@2.0.1
20 silly idealTree:prePrune ├── on-finished@2.3.0
20 silly idealTree:prePrune ├── os-browserify@0.2.1
20 silly idealTree:prePrune ├── os-homedir@1.0.2
20 silly idealTree:prePrune ├── os-locale@2.1.0
20 silly idealTree:prePrune ├── os-tmpdir@1.0.2
20 silly idealTree:prePrune ├── p-finally@1.0.0
20 silly idealTree:prePrune ├── p-limit@1.1.0
20 silly idealTree:prePrune ├── p-locate@2.0.0
20 silly idealTree:prePrune ├── packet-reader@0.3.1
20 silly idealTree:prePrune ├── pako@0.2.9
20 silly idealTree:prePrune ├── parse-asn1@5.1.0
20 silly idealTree:prePrune ├── parse-glob@3.0.4
20 silly idealTree:prePrune ├── parse-json@2.2.0
20 silly idealTree:prePrune ├── parseurl@1.3.2
20 silly idealTree:prePrune ├── path-browserify@0.0.0
20 silly idealTree:prePrune ├── path-exists@3.0.0
20 silly idealTree:prePrune ├── path-is-absolute@1.0.1
20 silly idealTree:prePrune ├── path-key@2.0.1
20 silly idealTree:prePrune ├── path-to-regexp@0.1.7
20 silly idealTree:prePrune ├── path-type@2.0.0
20 silly idealTree:prePrune ├── pbkdf2@3.0.14
20 silly idealTree:prePrune ├── pg-connection-string@0.1.3
20 silly idealTree:prePrune ├── pg-pool@2.0.3
20 silly idealTree:prePrune ├── pg-types@1.12.1
20 silly idealTree:prePrune ├── pg@7.3.0
20 silly idealTree:prePrune ├── pgpass@1.0.2
20 silly idealTree:prePrune ├── pify@2.3.0
20 silly idealTree:prePrune ├── pkg-dir@2.0.0
20 silly idealTree:prePrune ├── postgres-array@1.0.2
20 silly idealTree:prePrune ├── postgres-bytea@1.0.0
20 silly idealTree:prePrune ├── postgres-date@1.0.3
20 silly idealTree:prePrune ├── postgres-interval@1.1.1
20 silly idealTree:prePrune ├── preserve@0.2.0
20 silly idealTree:prePrune ├── private@0.1.7
20 silly idealTree:prePrune ├── process-nextick-args@1.0.7
20 silly idealTree:prePrune ├── process@0.11.10
20 silly idealTree:prePrune ├── promise@7.3.1
20 silly idealTree:prePrune ├── prop-types@15.6.0
20 silly idealTree:prePrune ├── proxy-addr@2.0.2
20 silly idealTree:prePrune ├── prr@0.0.0
20 silly idealTree:prePrune ├── pseudomap@1.0.2
20 silly idealTree:prePrune ├── public-encrypt@4.0.0
20 silly idealTree:prePrune ├── punycode@1.4.1
20 silly idealTree:prePrune ├── qs@6.5.1
20 silly idealTree:prePrune ├── querystring-es3@0.2.1
20 silly idealTree:prePrune ├── querystring@0.2.0
20 silly idealTree:prePrune ├─┬ randomatic@1.1.7
20 silly idealTree:prePrune │ ├─┬ is-number@3.0.0
20 silly idealTree:prePrune │ │ └── kind-of@3.2.2
20 silly idealTree:prePrune │ └── kind-of@4.0.0
20 silly idealTree:prePrune ├── randombytes@2.0.5
20 silly idealTree:prePrune ├── range-parser@1.2.0
20 silly idealTree:prePrune ├── raw-body@2.3.2
20 silly idealTree:prePrune ├── react-dom@15.6.2
20 silly idealTree:prePrune ├── react-redux@5.0.6
20 silly idealTree:prePrune ├── react-router-dom@4.2.2
20 silly idealTree:prePrune ├─┬ react-router@4.2.0
20 silly idealTree:prePrune │ ├── isarray@0.0.1
20 silly idealTree:prePrune │ └── path-to-regexp@1.7.0
20 silly idealTree:prePrune ├── react@15.6.2
20 silly idealTree:prePrune ├── read-pkg-up@2.0.0
20 silly idealTree:prePrune ├── read-pkg@2.0.0
20 silly idealTree:prePrune ├── readable-stream@2.3.3
20 silly idealTree:prePrune ├── readdirp@2.1.0
20 silly idealTree:prePrune ├── redux-devtools-extension@2.13.2
20 silly idealTree:prePrune ├── redux-logger@3.0.6
20 silly idealTree:prePrune ├── redux-thunk@2.2.0
20 silly idealTree:prePrune ├── redux@3.7.2
20 silly idealTree:prePrune ├── regenerate@1.3.3
20 silly idealTree:prePrune ├── regenerator-runtime@0.11.0
20 silly idealTree:prePrune ├── regenerator-transform@0.10.1
20 silly idealTree:prePrune ├── regex-cache@0.4.4
20 silly idealTree:prePrune ├── regexpu-core@2.0.0
20 silly idealTree:prePrune ├── regjsgen@0.2.0
20 silly idealTree:prePrune ├─┬ regjsparser@0.1.5
20 silly idealTree:prePrune │ └── jsesc@0.5.0
20 silly idealTree:prePrune ├── remove-trailing-separator@1.1.0
20 silly idealTree:prePrune ├── repeat-element@1.1.2
20 silly idealTree:prePrune ├── repeat-string@1.6.1
20 silly idealTree:prePrune ├── repeating@2.0.1
20 silly idealTree:prePrune ├── require-directory@2.1.1
20 silly idealTree:prePrune ├── require-main-filename@1.0.1
20 silly idealTree:prePrune ├── resolve-pathname@2.2.0
20 silly idealTree:prePrune ├── retry-as-promised@2.3.1
20 silly idealTree:prePrune ├── right-align@0.1.3
20 silly idealTree:prePrune ├── ripemd160@2.0.1
20 silly idealTree:prePrune ├── safe-buffer@5.1.1
20 silly idealTree:prePrune ├── semver@4.3.2
20 silly idealTree:prePrune ├── send@0.16.1
20 silly idealTree:prePrune ├─┬ sequelize@4.13.5
20 silly idealTree:prePrune │ ├── debug@3.1.0
20 silly idealTree:prePrune │ └── semver@5.4.1
20 silly idealTree:prePrune ├── serve-static@1.13.1
20 silly idealTree:prePrune ├── set-blocking@2.0.0
20 silly idealTree:prePrune ├── set-immediate-shim@1.0.1
20 silly idealTree:prePrune ├── setimmediate@1.0.5
20 silly idealTree:prePrune ├── setprototypeof@1.1.0
20 silly idealTree:prePrune ├── sha.js@2.4.9
20 silly idealTree:prePrune ├── shebang-command@1.2.0
20 silly idealTree:prePrune ├── shebang-regex@1.0.0
20 silly idealTree:prePrune ├── shimmer@1.1.0
20 silly idealTree:prePrune ├── signal-exit@3.0.2
20 silly idealTree:prePrune ├── slash@1.0.0
20 silly idealTree:prePrune ├── source-list-map@2.0.0
20 silly idealTree:prePrune ├── source-map-support@0.4.18
20 silly idealTree:prePrune ├── source-map@0.5.7
20 silly idealTree:prePrune ├── spdx-correct@1.0.2
20 silly idealTree:prePrune ├── spdx-expression-parse@1.0.4
20 silly idealTree:prePrune ├── spdx-license-ids@1.2.2
20 silly idealTree:prePrune ├── split@1.0.1
20 silly idealTree:prePrune ├── statuses@1.3.1
20 silly idealTree:prePrune ├── stream-browserify@2.0.1
20 silly idealTree:prePrune ├── stream-http@2.7.2
20 silly idealTree:prePrune ├── string_decoder@1.0.3
20 silly idealTree:prePrune ├─┬ string-width@2.1.1
20 silly idealTree:prePrune │ ├── ansi-regex@3.0.0
20 silly idealTree:prePrune │ ├── is-fullwidth-code-point@2.0.0
20 silly idealTree:prePrune │ └── strip-ansi@4.0.0
20 silly idealTree:prePrune ├── strip-ansi@3.0.1
20 silly idealTree:prePrune ├── strip-bom@3.0.0
20 silly idealTree:prePrune ├── strip-eof@1.0.0
20 silly idealTree:prePrune ├── supports-color@4.4.0
20 silly idealTree:prePrune ├── symbol-observable@1.0.4
20 silly idealTree:prePrune ├── tapable@0.2.8
20 silly idealTree:prePrune ├── terraformer-wkt-parser@1.1.2
20 silly idealTree:prePrune ├── terraformer@1.0.8
20 silly idealTree:prePrune ├── through@2.3.8
20 silly idealTree:prePrune ├── timers-browserify@2.0.4
20 silly idealTree:prePrune ├── to-arraybuffer@1.0.1
20 silly idealTree:prePrune ├── to-fast-properties@1.0.3
20 silly idealTree:prePrune ├── toposort-class@1.0.1
20 silly idealTree:prePrune ├── trim-right@1.0.1
20 silly idealTree:prePrune ├── tty-browserify@0.0.0
20 silly idealTree:prePrune ├── type-is@1.6.15
20 silly idealTree:prePrune ├── ua-parser-js@0.7.14
20 silly idealTree:prePrune ├─┬ uglify-js@2.8.29
20 silly idealTree:prePrune │ └── yargs@3.10.0
20 silly idealTree:prePrune ├── uglify-to-browserify@1.0.2
20 silly idealTree:prePrune ├── uglifyjs-webpack-plugin@0.4.6
20 silly idealTree:prePrune ├── unpipe@1.0.0
20 silly idealTree:prePrune ├─┬ url@0.11.0
20 silly idealTree:prePrune │ └── punycode@1.3.2
20 silly idealTree:prePrune ├── util-deprecate@1.0.2
20 silly idealTree:prePrune ├─┬ util@0.10.3
20 silly idealTree:prePrune │ └── inherits@2.0.1
20 silly idealTree:prePrune ├── utils-merge@1.0.1
20 silly idealTree:prePrune ├── uuid@3.1.0
20 silly idealTree:prePrune ├── validate-npm-package-license@3.0.1
20 silly idealTree:prePrune ├── validator@8.2.0
20 silly idealTree:prePrune ├── value-equal@0.4.0
20 silly idealTree:prePrune ├── vary@1.1.2
20 silly idealTree:prePrune ├── vm-browserify@0.0.4
20 silly idealTree:prePrune ├── warning@3.0.0
20 silly idealTree:prePrune ├── watchpack@1.4.0
20 silly idealTree:prePrune ├── webpack-sources@1.0.1
20 silly idealTree:prePrune ├─┬ webpack@3.6.0
20 silly idealTree:prePrune │ └── supports-color@4.4.0
20 silly idealTree:prePrune ├── whatwg-fetch@2.0.3
20 silly idealTree:prePrune ├── which-module@2.0.0
20 silly idealTree:prePrune ├── which@1.3.0
20 silly idealTree:prePrune ├── window-size@0.1.0
20 silly idealTree:prePrune ├── wkx@0.4.2
20 silly idealTree:prePrune ├── wordwrap@0.0.2
20 silly idealTree:prePrune ├─┬ wrap-ansi@2.1.0
20 silly idealTree:prePrune │ └── string-width@1.0.2
20 silly idealTree:prePrune ├── xtend@4.0.1
20 silly idealTree:prePrune ├── y18n@3.2.1
20 silly idealTree:prePrune ├── yallist@2.1.2
20 silly idealTree:prePrune ├─┬ yargs-parser@7.0.0
20 silly idealTree:prePrune │ └── camelcase@4.1.0
20 silly idealTree:prePrune └─┬ yargs@8.0.2
20 silly idealTree:prePrune   ├── camelcase@4.1.0
20 silly idealTree:prePrune   └─┬ cliui@3.2.0
20 silly idealTree:prePrune     └── string-width@1.0.2
21 silly loadIdealTree Finishing
22 silly currentTree wayne-warehouse@1.0.0
22 silly currentTree ├── @types/geojson@1.0.4
22 silly currentTree ├── @types/node@8.0.32
22 silly currentTree ├── accepts@1.3.4
22 silly currentTree ├─┬ acorn-dynamic-import@2.0.2
22 silly currentTree │ └── acorn@4.0.13
22 silly currentTree ├── acorn@5.1.2
22 silly currentTree ├── ajv-keywords@2.1.0
22 silly currentTree ├── ajv@5.2.3
22 silly currentTree ├── align-text@0.1.4
22 silly currentTree ├── ansi-regex@2.1.1
22 silly currentTree ├── ansi-styles@3.2.0
22 silly currentTree ├── anymatch@1.3.2
22 silly currentTree ├── arr-diff@2.0.0
22 silly currentTree ├── arr-flatten@1.1.0
22 silly currentTree ├── array-flatten@1.1.1
22 silly currentTree ├── array-unique@0.2.1
22 silly currentTree ├── asap@2.0.6
22 silly currentTree ├── asn1.js@4.9.1
22 silly currentTree ├── assert@1.4.1
22 silly currentTree ├── async-each@1.0.1
22 silly currentTree ├── async@2.5.0
22 silly currentTree ├── axios@0.16.2
22 silly currentTree ├─┬ babel-code-frame@6.26.0
22 silly currentTree │ ├── ansi-styles@2.2.1
22 silly currentTree │ ├── chalk@1.1.3
22 silly currentTree │ └── supports-color@2.0.0
22 silly currentTree ├── babel-core@6.26.0
22 silly currentTree ├── babel-generator@6.26.0
22 silly currentTree ├── babel-helper-builder-react-jsx@6.26.0
22 silly currentTree ├── babel-helper-call-delegate@6.24.1
22 silly currentTree ├── babel-helper-define-map@6.26.0
22 silly currentTree ├── babel-helper-function-name@6.24.1
22 silly currentTree ├── babel-helper-get-function-arity@6.24.1
22 silly currentTree ├── babel-helper-hoist-variables@6.24.1
22 silly currentTree ├── babel-helper-optimise-call-expression@6.24.1
22 silly currentTree ├── babel-helper-regex@6.26.0
22 silly currentTree ├── babel-helper-replace-supers@6.24.1
22 silly currentTree ├── babel-helpers@6.24.1
22 silly currentTree ├── babel-loader@7.1.2
22 silly currentTree ├── babel-messages@6.23.0
22 silly currentTree ├── babel-plugin-check-es2015-constants@6.22.0
22 silly currentTree ├── babel-plugin-syntax-flow@6.18.0
22 silly currentTree ├── babel-plugin-syntax-jsx@6.18.0
22 silly currentTree ├── babel-plugin-transform-es2015-arrow-functions@6.22.0
22 silly currentTree ├── babel-plugin-transform-es2015-block-scoped-functions@6.22.0
22 silly currentTree ├── babel-plugin-transform-es2015-block-scoping@6.26.0
22 silly currentTree ├── babel-plugin-transform-es2015-classes@6.24.1
22 silly currentTree ├── babel-plugin-transform-es2015-computed-properties@6.24.1
22 silly currentTree ├── babel-plugin-transform-es2015-destructuring@6.23.0
22 silly currentTree ├── babel-plugin-transform-es2015-duplicate-keys@6.24.1
22 silly currentTree ├── babel-plugin-transform-es2015-for-of@6.23.0
22 silly currentTree ├── babel-plugin-transform-es2015-function-name@6.24.1
22 silly currentTree ├── babel-plugin-transform-es2015-literals@6.22.0
22 silly currentTree ├── babel-plugin-transform-es2015-modules-amd@6.24.1
22 silly currentTree ├── babel-plugin-transform-es2015-modules-commonjs@6.26.0
22 silly currentTree ├── babel-plugin-transform-es2015-modules-systemjs@6.24.1
22 silly currentTree ├── babel-plugin-transform-es2015-modules-umd@6.24.1
22 silly currentTree ├── babel-plugin-transform-es2015-object-super@6.24.1
22 silly currentTree ├── babel-plugin-transform-es2015-parameters@6.24.1
22 silly currentTree ├── babel-plugin-transform-es2015-shorthand-properties@6.24.1
22 silly currentTree ├── babel-plugin-transform-es2015-spread@6.22.0
22 silly currentTree ├── babel-plugin-transform-es2015-sticky-regex@6.24.1
22 silly currentTree ├── babel-plugin-transform-es2015-template-literals@6.22.0
22 silly currentTree ├── babel-plugin-transform-es2015-typeof-symbol@6.23.0
22 silly currentTree ├── babel-plugin-transform-es2015-unicode-regex@6.24.1
22 silly currentTree ├── babel-plugin-transform-flow-strip-types@6.22.0
22 silly currentTree ├── babel-plugin-transform-react-display-name@6.25.0
22 silly currentTree ├── babel-plugin-transform-react-jsx-self@6.22.0
22 silly currentTree ├── babel-plugin-transform-react-jsx-source@6.22.0
22 silly currentTree ├── babel-plugin-transform-react-jsx@6.24.1
22 silly currentTree ├── babel-plugin-transform-regenerator@6.26.0
22 silly currentTree ├── babel-plugin-transform-strict-mode@6.24.1
22 silly currentTree ├── babel-preset-es2015@6.24.1
22 silly currentTree ├── babel-preset-flow@6.23.0
22 silly currentTree ├── babel-preset-react@6.24.1
22 silly currentTree ├── babel-register@6.26.0
22 silly currentTree ├── babel-runtime@6.26.0
22 silly currentTree ├── babel-template@6.26.0
22 silly currentTree ├── babel-traverse@6.26.0
22 silly currentTree ├── babel-types@6.26.0
22 silly currentTree ├── babylon@6.18.0
22 silly currentTree ├── balanced-match@1.0.0
22 silly currentTree ├── base64-js@1.2.1
22 silly currentTree ├── big.js@3.2.0
22 silly currentTree ├── binary-extensions@1.10.0
22 silly currentTree ├── bluebird@3.5.1
22 silly currentTree ├── bn.js@4.11.8
22 silly currentTree ├── body-parser@1.18.2
22 silly currentTree ├── bootstrap@3.3.7
22 silly currentTree ├── brace-expansion@1.1.8
22 silly currentTree ├── braces@1.8.5
22 silly currentTree ├── brorand@1.1.0
22 silly currentTree ├── browserify-aes@1.0.8
22 silly currentTree ├── browserify-cipher@1.0.0
22 silly currentTree ├── browserify-des@1.0.0
22 silly currentTree ├── browserify-rsa@4.0.1
22 silly currentTree ├── browserify-sign@4.0.4
22 silly currentTree ├── browserify-zlib@0.1.4
22 silly currentTree ├── buffer-writer@1.0.1
22 silly currentTree ├── buffer-xor@1.0.3
22 silly currentTree ├── buffer@4.9.1
22 silly currentTree ├── builtin-modules@1.1.1
22 silly currentTree ├── builtin-status-codes@3.0.0
22 silly currentTree ├── bytes@3.0.0
22 silly currentTree ├── camelcase@1.2.1
22 silly currentTree ├── center-align@0.1.3
22 silly currentTree ├── chalk@2.1.0
22 silly currentTree ├── chokidar@1.7.0
22 silly currentTree ├── cipher-base@1.0.4
22 silly currentTree ├── cliui@2.1.0
22 silly currentTree ├── cls-bluebird@2.0.1
22 silly currentTree ├── co@4.6.0
22 silly currentTree ├── code-point-at@1.1.0
22 silly currentTree ├── color-convert@1.9.0
22 silly currentTree ├── color-name@1.1.3
22 silly currentTree ├── commondir@1.0.1
22 silly currentTree ├── concat-map@0.0.1
22 silly currentTree ├── console-browserify@1.1.0
22 silly currentTree ├── constants-browserify@1.0.0
22 silly currentTree ├── content-disposition@0.5.2
22 silly currentTree ├── content-type@1.0.4
22 silly currentTree ├── convert-source-map@1.5.0
22 silly currentTree ├── cookie-signature@1.0.6
22 silly currentTree ├── cookie@0.3.1
22 silly currentTree ├── core-js@2.5.1
22 silly currentTree ├── core-util-is@1.0.2
22 silly currentTree ├── create-ecdh@4.0.0
22 silly currentTree ├── create-hash@1.1.3
22 silly currentTree ├── create-hmac@1.1.6
22 silly currentTree ├── create-react-class@15.6.2
22 silly currentTree ├── cross-spawn@5.1.0
22 silly currentTree ├── crypto-browserify@3.11.1
22 silly currentTree ├── d@1.0.0
22 silly currentTree ├── date-now@0.1.4
22 silly currentTree ├── debug@2.6.9
22 silly currentTree ├── decamelize@1.2.0
22 silly currentTree ├── deep-diff@0.3.8
22 silly currentTree ├── depd@1.1.1
22 silly currentTree ├── des.js@1.0.0
22 silly currentTree ├── destroy@1.0.4
22 silly currentTree ├── detect-indent@4.0.0
22 silly currentTree ├── diffie-hellman@5.0.2
22 silly currentTree ├── domain-browser@1.1.7
22 silly currentTree ├── dottie@2.0.0
22 silly currentTree ├── ee-first@1.1.1
22 silly currentTree ├── elliptic@6.4.0
22 silly currentTree ├── emojis-list@2.1.0
22 silly currentTree ├── encodeurl@1.0.1
22 silly currentTree ├── encoding@0.1.12
22 silly currentTree ├── enhanced-resolve@3.4.1
22 silly currentTree ├── errno@0.1.4
22 silly currentTree ├── error-ex@1.3.1
22 silly currentTree ├── es5-ext@0.10.30
22 silly currentTree ├── es6-iterator@2.0.1
22 silly currentTree ├── es6-map@0.1.5
22 silly currentTree ├── es6-set@0.1.5
22 silly currentTree ├── es6-symbol@3.1.1
22 silly currentTree ├── es6-weak-map@2.0.2
22 silly currentTree ├── escape-html@1.0.3
22 silly currentTree ├── escape-string-regexp@1.0.5
22 silly currentTree ├── escope@3.6.0
22 silly currentTree ├── esrecurse@4.2.0
22 silly currentTree ├── estraverse@4.2.0
22 silly currentTree ├── esutils@2.0.2
22 silly currentTree ├── etag@1.8.1
22 silly currentTree ├── event-emitter@0.3.5
22 silly currentTree ├── events@1.1.1
22 silly currentTree ├── evp_bytestokey@1.0.3
22 silly currentTree ├── execa@0.7.0
22 silly currentTree ├── expand-brackets@0.1.5
22 silly currentTree ├── expand-range@1.8.2
22 silly currentTree ├── express@4.16.1
22 silly currentTree ├── extglob@0.3.2
22 silly currentTree ├── fast-deep-equal@1.0.0
22 silly currentTree ├─┬ fbjs@0.8.16
22 silly currentTree │ └── core-js@1.2.7
22 silly currentTree ├── filename-regex@2.0.1
22 silly currentTree ├── fill-range@2.2.3
22 silly currentTree ├── finalhandler@1.1.0
22 silly currentTree ├── find-cache-dir@1.0.0
22 silly currentTree ├── find-up@2.1.0
22 silly currentTree ├── follow-redirects@1.2.5
22 silly currentTree ├── for-in@1.0.2
22 silly currentTree ├── for-own@0.1.5
22 silly currentTree ├── forwarded@0.1.2
22 silly currentTree ├── fresh@0.5.2
22 silly currentTree ├─┬ fsevents@1.1.2
22 silly currentTree │ ├── abbrev@1.1.0
22 silly currentTree │ ├── ajv@4.11.8
22 silly currentTree │ ├── ansi-regex@2.1.1
22 silly currentTree │ ├── aproba@1.1.1
22 silly currentTree │ ├── are-we-there-yet@1.1.4
22 silly currentTree │ ├── asn1@0.2.3
22 silly currentTree │ ├── assert-plus@0.2.0
22 silly currentTree │ ├── asynckit@0.4.0
22 silly currentTree │ ├── aws-sign2@0.6.0
22 silly currentTree │ ├── aws4@1.6.0
22 silly currentTree │ ├── balanced-match@0.4.2
22 silly currentTree │ ├── bcrypt-pbkdf@1.0.1
22 silly currentTree │ ├── block-stream@0.0.9
22 silly currentTree │ ├── boom@2.10.1
22 silly currentTree │ ├── brace-expansion@1.1.7
22 silly currentTree │ ├── buffer-shims@1.0.0
22 silly currentTree │ ├── caseless@0.12.0
22 silly currentTree │ ├── co@4.6.0
22 silly currentTree │ ├── code-point-at@1.1.0
22 silly currentTree │ ├── combined-stream@1.0.5
22 silly currentTree │ ├── concat-map@0.0.1
22 silly currentTree │ ├── console-control-strings@1.1.0
22 silly currentTree │ ├── core-util-is@1.0.2
22 silly currentTree │ ├── cryptiles@2.0.5
22 silly currentTree │ ├─┬ dashdash@1.14.1
22 silly currentTree │ │ └── assert-plus@1.0.0
22 silly currentTree │ ├── debug@2.6.8
22 silly currentTree │ ├── deep-extend@0.4.2
22 silly currentTree │ ├── delayed-stream@1.0.0
22 silly currentTree │ ├── delegates@1.0.0
22 silly currentTree │ ├── ecc-jsbn@0.1.1
22 silly currentTree │ ├── extend@3.0.1
22 silly currentTree │ ├── extsprintf@1.0.2
22 silly currentTree │ ├── forever-agent@0.6.1
22 silly currentTree │ ├── form-data@2.1.4
22 silly currentTree │ ├── fs.realpath@1.0.0
22 silly currentTree │ ├── fstream-ignore@1.0.5
22 silly currentTree │ ├── fstream@1.0.11
22 silly currentTree │ ├── gauge@2.7.4
22 silly currentTree │ ├─┬ getpass@0.1.7
22 silly currentTree │ │ └── assert-plus@1.0.0
22 silly currentTree │ ├── glob@7.1.2
22 silly currentTree │ ├── graceful-fs@4.1.11
22 silly currentTree │ ├── har-schema@1.0.5
22 silly currentTree │ ├── har-validator@4.2.1
22 silly currentTree │ ├── has-unicode@2.0.1
22 silly currentTree │ ├── hawk@3.1.3
22 silly currentTree │ ├── hoek@2.16.3
22 silly currentTree │ ├── http-signature@1.1.1
22 silly currentTree │ ├── inflight@1.0.6
22 silly currentTree │ ├── inherits@2.0.3
22 silly currentTree │ ├── ini@1.3.4
22 silly currentTree │ ├── is-fullwidth-code-point@1.0.0
22 silly currentTree │ ├── is-typedarray@1.0.0
22 silly currentTree │ ├── isarray@1.0.0
22 silly currentTree │ ├── isstream@0.1.2
22 silly currentTree │ ├── jodid25519@1.0.2
22 silly currentTree │ ├── jsbn@0.1.1
22 silly currentTree │ ├── json-schema@0.2.3
22 silly currentTree │ ├── json-stable-stringify@1.0.1
22 silly currentTree │ ├── json-stringify-safe@5.0.1
22 silly currentTree │ ├── jsonify@0.0.0
22 silly currentTree │ ├─┬ jsprim@1.4.0
22 silly currentTree │ │ └── assert-plus@1.0.0
22 silly currentTree │ ├── mime-db@1.27.0
22 silly currentTree │ ├── mime-types@2.1.15
22 silly currentTree │ ├── minimatch@3.0.4
22 silly currentTree │ ├── minimist@0.0.8
22 silly currentTree │ ├── mkdirp@0.5.1
22 silly currentTree │ ├── ms@2.0.0
22 silly currentTree │ ├── node-pre-gyp@0.6.36
22 silly currentTree │ ├── nopt@4.0.1
22 silly currentTree │ ├── npmlog@4.1.0
22 silly currentTree │ ├── number-is-nan@1.0.1
22 silly currentTree │ ├── oauth-sign@0.8.2
22 silly currentTree │ ├── object-assign@4.1.1
22 silly currentTree │ ├── once@1.4.0
22 silly currentTree │ ├── os-homedir@1.0.2
22 silly currentTree │ ├── os-tmpdir@1.0.2
22 silly currentTree │ ├── osenv@0.1.4
22 silly currentTree │ ├── path-is-absolute@1.0.1
22 silly currentTree │ ├── performance-now@0.2.0
22 silly currentTree │ ├── process-nextick-args@1.0.7
22 silly currentTree │ ├── punycode@1.4.1
22 silly currentTree │ ├── qs@6.4.0
22 silly currentTree │ ├─┬ rc@1.2.1
22 silly currentTree │ │ └── minimist@1.2.0
22 silly currentTree │ ├── readable-stream@2.2.9
22 silly currentTree │ ├── request@2.81.0
22 silly currentTree │ ├── rimraf@2.6.1
22 silly currentTree │ ├── safe-buffer@5.0.1
22 silly currentTree │ ├── semver@5.3.0
22 silly currentTree │ ├── set-blocking@2.0.0
22 silly currentTree │ ├── signal-exit@3.0.2
22 silly currentTree │ ├── sntp@1.0.9
22 silly currentTree │ ├─┬ sshpk@1.13.0
22 silly currentTree │ │ └── assert-plus@1.0.0
22 silly currentTree │ ├── string_decoder@1.0.1
22 silly currentTree │ ├── string-width@1.0.2
22 silly currentTree │ ├── stringstream@0.0.5
22 silly currentTree │ ├── strip-ansi@3.0.1
22 silly currentTree │ ├── strip-json-comments@2.0.1
22 silly currentTree │ ├── tar-pack@3.4.0
22 silly currentTree │ ├── tar@2.2.1
22 silly currentTree │ ├── tough-cookie@2.3.2
22 silly currentTree │ ├── tunnel-agent@0.6.0
22 silly currentTree │ ├── tweetnacl@0.14.5
22 silly currentTree │ ├── uid-number@0.0.6
22 silly currentTree │ ├── util-deprecate@1.0.2
22 silly currentTree │ ├── uuid@3.0.1
22 silly currentTree │ ├── verror@1.3.6
22 silly currentTree │ ├── wide-align@1.1.2
22 silly currentTree │ └── wrappy@1.0.2
22 silly currentTree ├── generic-pool@3.1.8
22 silly currentTree ├── get-caller-file@1.0.2
22 silly currentTree ├── get-stream@3.0.0
22 silly currentTree ├── glob-base@0.3.0
22 silly currentTree ├── glob-parent@2.0.0
22 silly currentTree ├── globals@9.18.0
22 silly currentTree ├── graceful-fs@4.1.11
22 silly currentTree ├── has-ansi@2.0.0
22 silly currentTree ├── has-flag@2.0.0
22 silly currentTree ├── hash-base@2.0.2
22 silly currentTree ├── hash.js@1.1.3
22 silly currentTree ├── history@4.7.2
22 silly currentTree ├── hmac-drbg@1.0.1
22 silly currentTree ├── hoist-non-react-statics@2.3.1
22 silly currentTree ├── home-or-tmp@2.0.0
22 silly currentTree ├── hosted-git-info@2.5.0
22 silly currentTree ├─┬ http-errors@1.6.2
22 silly currentTree │ └── setprototypeof@1.0.3
22 silly currentTree ├── https-browserify@0.0.1
22 silly currentTree ├── iconv-lite@0.4.19
22 silly currentTree ├── ieee754@1.1.8
22 silly currentTree ├── indexof@0.0.1
22 silly currentTree ├── inflection@1.12.0
22 silly currentTree ├── inherits@2.0.3
22 silly currentTree ├── interpret@1.0.4
22 silly currentTree ├── invariant@2.2.2
22 silly currentTree ├── invert-kv@1.0.0
22 silly currentTree ├── ipaddr.js@1.5.2
22 silly currentTree ├── is-arrayish@0.2.1
22 silly currentTree ├── is-binary-path@1.0.1
22 silly currentTree ├── is-bluebird@1.0.2
22 silly currentTree ├── is-buffer@1.1.5
22 silly currentTree ├── is-builtin-module@1.0.0
22 silly currentTree ├── is-dotfile@1.0.3
22 silly currentTree ├── is-equal-shallow@0.1.3
22 silly currentTree ├── is-extendable@0.1.1
22 silly currentTree ├── is-extglob@1.0.0
22 silly currentTree ├── is-finite@1.0.2
22 silly currentTree ├── is-fullwidth-code-point@1.0.0
22 silly currentTree ├── is-glob@2.0.1
22 silly currentTree ├── is-number@2.1.0
22 silly currentTree ├── is-posix-bracket@0.1.1
22 silly currentTree ├── is-primitive@2.0.0
22 silly currentTree ├── is-stream@1.1.0
22 silly currentTree ├── isarray@1.0.0
22 silly currentTree ├── isexe@2.0.0
22 silly currentTree ├── isobject@2.1.0
22 silly currentTree ├── isomorphic-fetch@2.2.1
22 silly currentTree ├── js-string-escape@1.0.1
22 silly currentTree ├── js-tokens@3.0.2
22 silly currentTree ├── jsesc@1.3.0
22 silly currentTree ├── json-loader@0.5.7
22 silly currentTree ├── json-schema-traverse@0.3.1
22 silly currentTree ├── json-stable-stringify@1.0.1
22 silly currentTree ├── json5@0.5.1
22 silly currentTree ├── jsonify@0.0.0
22 silly currentTree ├── kind-of@3.2.2
22 silly currentTree ├── lazy-cache@1.0.4
22 silly currentTree ├── lcid@1.0.0
22 silly currentTree ├── load-json-file@2.0.0
22 silly currentTree ├── loader-runner@2.3.0
22 silly currentTree ├── loader-utils@1.1.0
22 silly currentTree ├── locate-path@2.0.0
22 silly currentTree ├── lodash-es@4.17.4
22 silly currentTree ├── lodash@4.17.4
22 silly currentTree ├── longest@1.0.1
22 silly currentTree ├── loose-envify@1.3.1
22 silly currentTree ├── lru-cache@4.1.1
22 silly currentTree ├── make-dir@1.0.0
22 silly currentTree ├─┬ md5.js@1.3.4
22 silly currentTree │ └── hash-base@3.0.4
22 silly currentTree ├── media-typer@0.3.0
22 silly currentTree ├── mem@1.1.0
22 silly currentTree ├── memory-fs@0.4.1
22 silly currentTree ├── merge-descriptors@1.0.1
22 silly currentTree ├── methods@1.1.2
22 silly currentTree ├── micromatch@2.3.11
22 silly currentTree ├── miller-rabin@4.0.1
22 silly currentTree ├── mime-db@1.30.0
22 silly currentTree ├── mime-types@2.1.17
22 silly currentTree ├── mime@1.4.1
22 silly currentTree ├── mimic-fn@1.1.0
22 silly currentTree ├── minimalistic-assert@1.0.0
22 silly currentTree ├── minimalistic-crypto-utils@1.0.1
22 silly currentTree ├── minimatch@3.0.4
22 silly currentTree ├── minimist@0.0.8
22 silly currentTree ├── mkdirp@0.5.1
22 silly currentTree ├── moment-timezone@0.5.13
22 silly currentTree ├── moment@2.18.1
22 silly currentTree ├── ms@2.0.0
22 silly currentTree ├── nan@2.7.0
22 silly currentTree ├── negotiator@0.6.1
22 silly currentTree ├── node-fetch@1.7.3
22 silly currentTree ├─┬ node-libs-browser@2.0.0
22 silly currentTree │ └── string_decoder@0.10.31
22 silly currentTree ├── normalize-package-data@2.4.0
22 silly currentTree ├── normalize-path@2.1.1
22 silly currentTree ├── npm-run-path@2.0.2
22 silly currentTree ├── number-is-nan@1.0.1
22 silly currentTree ├── object-assign@4.1.1
22 silly currentTree ├── object.omit@2.0.1
22 silly currentTree ├── on-finished@2.3.0
22 silly currentTree ├── os-browserify@0.2.1
22 silly currentTree ├── os-homedir@1.0.2
22 silly currentTree ├── os-locale@2.1.0
22 silly currentTree ├── os-tmpdir@1.0.2
22 silly currentTree ├── p-finally@1.0.0
22 silly currentTree ├── p-limit@1.1.0
22 silly currentTree ├── p-locate@2.0.0
22 silly currentTree ├── packet-reader@0.3.1
22 silly currentTree ├── pako@0.2.9
22 silly currentTree ├── parse-asn1@5.1.0
22 silly currentTree ├── parse-glob@3.0.4
22 silly currentTree ├── parse-json@2.2.0
22 silly currentTree ├── parseurl@1.3.2
22 silly currentTree ├── path-browserify@0.0.0
22 silly currentTree ├── path-exists@3.0.0
22 silly currentTree ├── path-is-absolute@1.0.1
22 silly currentTree ├── path-key@2.0.1
22 silly currentTree ├── path-to-regexp@0.1.7
22 silly currentTree ├── path-type@2.0.0
22 silly currentTree ├── pbkdf2@3.0.14
22 silly currentTree ├── pg-connection-string@0.1.3
22 silly currentTree ├── pg-pool@2.0.3
22 silly currentTree ├── pg-types@1.12.1
22 silly currentTree ├── pg@7.3.0
22 silly currentTree ├── pgpass@1.0.2
22 silly currentTree ├── pify@2.3.0
22 silly currentTree ├── pkg-dir@2.0.0
22 silly currentTree ├── postgres-array@1.0.2
22 silly currentTree ├── postgres-bytea@1.0.0
22 silly currentTree ├── postgres-date@1.0.3
22 silly currentTree ├── postgres-interval@1.1.1
22 silly currentTree ├── preserve@0.2.0
22 silly currentTree ├── private@0.1.7
22 silly currentTree ├── process-nextick-args@1.0.7
22 silly currentTree ├── process@0.11.10
22 silly currentTree ├── promise@7.3.1
22 silly currentTree ├── prop-types@15.6.0
22 silly currentTree ├── proxy-addr@2.0.2
22 silly currentTree ├── prr@0.0.0
22 silly currentTree ├── pseudomap@1.0.2
22 silly currentTree ├── public-encrypt@4.0.0
22 silly currentTree ├── punycode@1.4.1
22 silly currentTree ├── qs@6.5.1
22 silly currentTree ├── querystring-es3@0.2.1
22 silly currentTree ├── querystring@0.2.0
22 silly currentTree ├─┬ randomatic@1.1.7
22 silly currentTree │ ├─┬ is-number@3.0.0
22 silly currentTree │ │ └── kind-of@3.2.2
22 silly currentTree │ └── kind-of@4.0.0
22 silly currentTree ├── randombytes@2.0.5
22 silly currentTree ├── range-parser@1.2.0
22 silly currentTree ├── raw-body@2.3.2
22 silly currentTree ├── react-dom@15.6.2
22 silly currentTree ├── react-redux@5.0.6
22 silly currentTree ├── react-router-dom@4.2.2
22 silly currentTree ├─┬ react-router@4.2.0
22 silly currentTree │ ├── isarray@0.0.1
22 silly currentTree │ └── path-to-regexp@1.7.0
22 silly currentTree ├── react@15.6.2
22 silly currentTree ├── read-pkg-up@2.0.0
22 silly currentTree ├── read-pkg@2.0.0
22 silly currentTree ├── readable-stream@2.3.3
22 silly currentTree ├── readdirp@2.1.0
22 silly currentTree ├── redux-devtools-extension@2.13.2
22 silly currentTree ├── redux-logger@3.0.6
22 silly currentTree ├── redux-thunk@2.2.0
22 silly currentTree ├── redux@3.7.2
22 silly currentTree ├── regenerate@1.3.3
22 silly currentTree ├── regenerator-runtime@0.11.0
22 silly currentTree ├── regenerator-transform@0.10.1
22 silly currentTree ├── regex-cache@0.4.4
22 silly currentTree ├── regexpu-core@2.0.0
22 silly currentTree ├── regjsgen@0.2.0
22 silly currentTree ├─┬ regjsparser@0.1.5
22 silly currentTree │ └── jsesc@0.5.0
22 silly currentTree ├── remove-trailing-separator@1.1.0
22 silly currentTree ├── repeat-element@1.1.2
22 silly currentTree ├── repeat-string@1.6.1
22 silly currentTree ├── repeating@2.0.1
22 silly currentTree ├── require-directory@2.1.1
22 silly currentTree ├── require-main-filename@1.0.1
22 silly currentTree ├── resolve-pathname@2.2.0
22 silly currentTree ├── retry-as-promised@2.3.1
22 silly currentTree ├── right-align@0.1.3
22 silly currentTree ├── ripemd160@2.0.1
22 silly currentTree ├── safe-buffer@5.1.1
22 silly currentTree ├── semver@4.3.2
22 silly currentTree ├── send@0.16.1
22 silly currentTree ├─┬ sequelize@4.13.5
22 silly currentTree │ ├── debug@3.1.0
22 silly currentTree │ └── semver@5.4.1
22 silly currentTree ├── serve-static@1.13.1
22 silly currentTree ├── set-blocking@2.0.0
22 silly currentTree ├── set-immediate-shim@1.0.1
22 silly currentTree ├── setimmediate@1.0.5
22 silly currentTree ├── setprototypeof@1.1.0
22 silly currentTree ├── sha.js@2.4.9
22 silly currentTree ├── shebang-command@1.2.0
22 silly currentTree ├── shebang-regex@1.0.0
22 silly currentTree ├── shimmer@1.1.0
22 silly currentTree ├── signal-exit@3.0.2
22 silly currentTree ├── slash@1.0.0
22 silly currentTree ├── source-list-map@2.0.0
22 silly currentTree ├── source-map-support@0.4.18
22 silly currentTree ├── source-map@0.5.7
22 silly currentTree ├── spdx-correct@1.0.2
22 silly currentTree ├── spdx-expression-parse@1.0.4
22 silly currentTree ├── spdx-license-ids@1.2.2
22 silly currentTree ├── split@1.0.1
22 silly currentTree ├── statuses@1.3.1
22 silly currentTree ├── stream-browserify@2.0.1
22 silly currentTree ├── stream-http@2.7.2
22 silly currentTree ├── string_decoder@1.0.3
22 silly currentTree ├─┬ string-width@2.1.1
22 silly currentTree │ ├── ansi-regex@3.0.0
22 silly currentTree │ ├── is-fullwidth-code-point@2.0.0
22 silly currentTree │ └── strip-ansi@4.0.0
22 silly currentTree ├── strip-ansi@3.0.1
22 silly currentTree ├── strip-bom@3.0.0
22 silly currentTree ├── strip-eof@1.0.0
22 silly currentTree ├── supports-color@4.4.0
22 silly currentTree ├── symbol-observable@1.0.4
22 silly currentTree ├── tapable@0.2.8
22 silly currentTree ├── terraformer-wkt-parser@1.1.2
22 silly currentTree ├── terraformer@1.0.8
22 silly currentTree ├── through@2.3.8
22 silly currentTree ├── timers-browserify@2.0.4
22 silly currentTree ├── to-arraybuffer@1.0.1
22 silly currentTree ├── to-fast-properties@1.0.3
22 silly currentTree ├── toposort-class@1.0.1
22 silly currentTree ├── trim-right@1.0.1
22 silly currentTree ├── tty-browserify@0.0.0
22 silly currentTree ├── type-is@1.6.15
22 silly currentTree ├── ua-parser-js@0.7.14
22 silly currentTree ├─┬ uglify-js@2.8.29
22 silly currentTree │ └── yargs@3.10.0
22 silly currentTree ├── uglify-to-browserify@1.0.2
22 silly currentTree ├── uglifyjs-webpack-plugin@0.4.6
22 silly currentTree ├── unpipe@1.0.0
22 silly currentTree ├─┬ url@0.11.0
22 silly currentTree │ └── punycode@1.3.2
22 silly currentTree ├── util-deprecate@1.0.2
22 silly currentTree ├─┬ util@0.10.3
22 silly currentTree │ └── inherits@2.0.1
22 silly currentTree ├── utils-merge@1.0.1
22 silly currentTree ├── uuid@3.1.0
22 silly currentTree ├── validate-npm-package-license@3.0.1
22 silly currentTree ├── validator@8.2.0
22 silly currentTree ├── value-equal@0.4.0
22 silly currentTree ├── vary@1.1.2
22 silly currentTree ├── vm-browserify@0.0.4
22 silly currentTree ├── warning@3.0.0
22 silly currentTree ├── watchpack@1.4.0
22 silly currentTree ├── webpack-sources@1.0.1
22 silly currentTree ├─┬ webpack@3.6.0
22 silly currentTree │ └── supports-color@4.4.0
22 silly currentTree ├── whatwg-fetch@2.0.3
22 silly currentTree ├── which-module@2.0.0
22 silly currentTree ├── which@1.3.0
22 silly currentTree ├── window-size@0.1.0
22 silly currentTree ├── wkx@0.4.2
22 silly currentTree ├── wordwrap@0.0.2
22 silly currentTree ├─┬ wrap-ansi@2.1.0
22 silly currentTree │ └── string-width@1.0.2
22 silly currentTree ├── xtend@4.0.1
22 silly currentTree ├── y18n@3.2.1
22 silly currentTree ├── yallist@2.1.2
22 silly currentTree ├─┬ yargs-parser@7.0.0
22 silly currentTree │ └── camelcase@4.1.0
22 silly currentTree └─┬ yargs@8.0.2
22 silly currentTree   ├── camelcase@4.1.0
22 silly currentTree   └─┬ cliui@3.2.0
22 silly currentTree     └── string-width@1.0.2
23 silly idealTree wayne-warehouse@1.0.0
23 silly idealTree ├── @types/geojson@1.0.4
23 silly idealTree ├── @types/node@8.0.32
23 silly idealTree ├── accepts@1.3.4
23 silly idealTree ├─┬ acorn-dynamic-import@2.0.2
23 silly idealTree │ └── acorn@4.0.13
23 silly idealTree ├── acorn@5.1.2
23 silly idealTree ├── ajv-keywords@2.1.0
23 silly idealTree ├── ajv@5.2.3
23 silly idealTree ├── align-text@0.1.4
23 silly idealTree ├── ansi-regex@2.1.1
23 silly idealTree ├── ansi-styles@3.2.0
23 silly idealTree ├── anymatch@1.3.2
23 silly idealTree ├── arr-diff@2.0.0
23 silly idealTree ├── arr-flatten@1.1.0
23 silly idealTree ├── array-flatten@1.1.1
23 silly idealTree ├── array-unique@0.2.1
23 silly idealTree ├── asap@2.0.6
23 silly idealTree ├── asn1.js@4.9.1
23 silly idealTree ├── assert@1.4.1
23 silly idealTree ├── async-each@1.0.1
23 silly idealTree ├── async@2.5.0
23 silly idealTree ├── axios@0.16.2
23 silly idealTree ├─┬ babel-code-frame@6.26.0
23 silly idealTree │ ├── ansi-styles@2.2.1
23 silly idealTree │ ├── chalk@1.1.3
23 silly idealTree │ └── supports-color@2.0.0
23 silly idealTree ├── babel-core@6.26.0
23 silly idealTree ├── babel-generator@6.26.0
23 silly idealTree ├── babel-helper-builder-react-jsx@6.26.0
23 silly idealTree ├── babel-helper-call-delegate@6.24.1
23 silly idealTree ├── babel-helper-define-map@6.26.0
23 silly idealTree ├── babel-helper-function-name@6.24.1
23 silly idealTree ├── babel-helper-get-function-arity@6.24.1
23 silly idealTree ├── babel-helper-hoist-variables@6.24.1
23 silly idealTree ├── babel-helper-optimise-call-expression@6.24.1
23 silly idealTree ├── babel-helper-regex@6.26.0
23 silly idealTree ├── babel-helper-replace-supers@6.24.1
23 silly idealTree ├── babel-helpers@6.24.1
23 silly idealTree ├── babel-loader@7.1.2
23 silly idealTree ├── babel-messages@6.23.0
23 silly idealTree ├── babel-plugin-check-es2015-constants@6.22.0
23 silly idealTree ├── babel-plugin-syntax-flow@6.18.0
23 silly idealTree ├── babel-plugin-syntax-jsx@6.18.0
23 silly idealTree ├── babel-plugin-transform-es2015-arrow-functions@6.22.0
23 silly idealTree ├── babel-plugin-transform-es2015-block-scoped-functions@6.22.0
23 silly idealTree ├── babel-plugin-transform-es2015-block-scoping@6.26.0
23 silly idealTree ├── babel-plugin-transform-es2015-classes@6.24.1
23 silly idealTree ├── babel-plugin-transform-es2015-computed-properties@6.24.1
23 silly idealTree ├── babel-plugin-transform-es2015-destructuring@6.23.0
23 silly idealTree ├── babel-plugin-transform-es2015-duplicate-keys@6.24.1
23 silly idealTree ├── babel-plugin-transform-es2015-for-of@6.23.0
23 silly idealTree ├── babel-plugin-transform-es2015-function-name@6.24.1
23 silly idealTree ├── babel-plugin-transform-es2015-literals@6.22.0
23 silly idealTree ├── babel-plugin-transform-es2015-modules-amd@6.24.1
23 silly idealTree ├── babel-plugin-transform-es2015-modules-commonjs@6.26.0
23 silly idealTree ├── babel-plugin-transform-es2015-modules-systemjs@6.24.1
23 silly idealTree ├── babel-plugin-transform-es2015-modules-umd@6.24.1
23 silly idealTree ├── babel-plugin-transform-es2015-object-super@6.24.1
23 silly idealTree ├── babel-plugin-transform-es2015-parameters@6.24.1
23 silly idealTree ├── babel-plugin-transform-es2015-shorthand-properties@6.24.1
23 silly idealTree ├── babel-plugin-transform-es2015-spread@6.22.0
23 silly idealTree ├── babel-plugin-transform-es2015-sticky-regex@6.24.1
23 silly idealTree ├── babel-plugin-transform-es2015-template-literals@6.22.0
23 silly idealTree ├── babel-plugin-transform-es2015-typeof-symbol@6.23.0
23 silly idealTree ├── babel-plugin-transform-es2015-unicode-regex@6.24.1
23 silly idealTree ├── babel-plugin-transform-flow-strip-types@6.22.0
23 silly idealTree ├── babel-plugin-transform-react-display-name@6.25.0
23 silly idealTree ├── babel-plugin-transform-react-jsx-self@6.22.0
23 silly idealTree ├── babel-plugin-transform-react-jsx-source@6.22.0
23 silly idealTree ├── babel-plugin-transform-react-jsx@6.24.1
23 silly idealTree ├── babel-plugin-transform-regenerator@6.26.0
23 silly idealTree ├── babel-plugin-transform-strict-mode@6.24.1
23 silly idealTree ├── babel-preset-es2015@6.24.1
23 silly idealTree ├── babel-preset-flow@6.23.0
23 silly idealTree ├── babel-preset-react@6.24.1
23 silly idealTree ├── babel-register@6.26.0
23 silly idealTree ├── babel-runtime@6.26.0
23 silly idealTree ├── babel-template@6.26.0
23 silly idealTree ├── babel-traverse@6.26.0
23 silly idealTree ├── babel-types@6.26.0
23 silly idealTree ├── babylon@6.18.0
23 silly idealTree ├── balanced-match@1.0.0
23 silly idealTree ├── base64-js@1.2.1
23 silly idealTree ├── big.js@3.2.0
23 silly idealTree ├── binary-extensions@1.10.0
23 silly idealTree ├── bluebird@3.5.1
23 silly idealTree ├── bn.js@4.11.8
23 silly idealTree ├── body-parser@1.18.2
23 silly idealTree ├── bootstrap@3.3.7
23 silly idealTree ├── brace-expansion@1.1.8
23 silly idealTree ├── braces@1.8.5
23 silly idealTree ├── brorand@1.1.0
23 silly idealTree ├── browserify-aes@1.0.8
23 silly idealTree ├── browserify-cipher@1.0.0
23 silly idealTree ├── browserify-des@1.0.0
23 silly idealTree ├── browserify-rsa@4.0.1
23 silly idealTree ├── browserify-sign@4.0.4
23 silly idealTree ├── browserify-zlib@0.1.4
23 silly idealTree ├── buffer-writer@1.0.1
23 silly idealTree ├── buffer-xor@1.0.3
23 silly idealTree ├── buffer@4.9.1
23 silly idealTree ├── builtin-modules@1.1.1
23 silly idealTree ├── builtin-status-codes@3.0.0
23 silly idealTree ├── bytes@3.0.0
23 silly idealTree ├── camelcase@1.2.1
23 silly idealTree ├── center-align@0.1.3
23 silly idealTree ├── chalk@2.1.0
23 silly idealTree ├── chokidar@1.7.0
23 silly idealTree ├── cipher-base@1.0.4
23 silly idealTree ├── cliui@2.1.0
23 silly idealTree ├── cls-bluebird@2.0.1
23 silly idealTree ├── co@4.6.0
23 silly idealTree ├── code-point-at@1.1.0
23 silly idealTree ├── color-convert@1.9.0
23 silly idealTree ├── color-name@1.1.3
23 silly idealTree ├── commondir@1.0.1
23 silly idealTree ├── concat-map@0.0.1
23 silly idealTree ├── console-browserify@1.1.0
23 silly idealTree ├── constants-browserify@1.0.0
23 silly idealTree ├── content-disposition@0.5.2
23 silly idealTree ├── content-type@1.0.4
23 silly idealTree ├── convert-source-map@1.5.0
23 silly idealTree ├── cookie-signature@1.0.6
23 silly idealTree ├── cookie@0.3.1
23 silly idealTree ├── core-js@2.5.1
23 silly idealTree ├── core-util-is@1.0.2
23 silly idealTree ├── create-ecdh@4.0.0
23 silly idealTree ├── create-hash@1.1.3
23 silly idealTree ├── create-hmac@1.1.6
23 silly idealTree ├── create-react-class@15.6.2
23 silly idealTree ├── cross-spawn@5.1.0
23 silly idealTree ├── crypto-browserify@3.11.1
23 silly idealTree ├── d@1.0.0
23 silly idealTree ├── date-now@0.1.4
23 silly idealTree ├── debug@2.6.9
23 silly idealTree ├── decamelize@1.2.0
23 silly idealTree ├── deep-diff@0.3.8
23 silly idealTree ├── depd@1.1.1
23 silly idealTree ├── des.js@1.0.0
23 silly idealTree ├── destroy@1.0.4
23 silly idealTree ├── detect-indent@4.0.0
23 silly idealTree ├── diffie-hellman@5.0.2
23 silly idealTree ├── domain-browser@1.1.7
23 silly idealTree ├── dottie@2.0.0
23 silly idealTree ├── ee-first@1.1.1
23 silly idealTree ├── elliptic@6.4.0
23 silly idealTree ├── emojis-list@2.1.0
23 silly idealTree ├── encodeurl@1.0.1
23 silly idealTree ├── encoding@0.1.12
23 silly idealTree ├── enhanced-resolve@3.4.1
23 silly idealTree ├── errno@0.1.4
23 silly idealTree ├── error-ex@1.3.1
23 silly idealTree ├── es5-ext@0.10.30
23 silly idealTree ├── es6-iterator@2.0.1
23 silly idealTree ├── es6-map@0.1.5
23 silly idealTree ├── es6-set@0.1.5
23 silly idealTree ├── es6-symbol@3.1.1
23 silly idealTree ├── es6-weak-map@2.0.2
23 silly idealTree ├── escape-html@1.0.3
23 silly idealTree ├── escape-string-regexp@1.0.5
23 silly idealTree ├── escope@3.6.0
23 silly idealTree ├── esrecurse@4.2.0
23 silly idealTree ├── estraverse@4.2.0
23 silly idealTree ├── esutils@2.0.2
23 silly idealTree ├── etag@1.8.1
23 silly idealTree ├── event-emitter@0.3.5
23 silly idealTree ├── events@1.1.1
23 silly idealTree ├── evp_bytestokey@1.0.3
23 silly idealTree ├── execa@0.7.0
23 silly idealTree ├── expand-brackets@0.1.5
23 silly idealTree ├── expand-range@1.8.2
23 silly idealTree ├── express@4.16.1
23 silly idealTree ├── extglob@0.3.2
23 silly idealTree ├── fast-deep-equal@1.0.0
23 silly idealTree ├─┬ fbjs@0.8.16
23 silly idealTree │ └── core-js@1.2.7
23 silly idealTree ├── filename-regex@2.0.1
23 silly idealTree ├── fill-range@2.2.3
23 silly idealTree ├── finalhandler@1.1.0
23 silly idealTree ├── find-cache-dir@1.0.0
23 silly idealTree ├── find-up@2.1.0
23 silly idealTree ├── follow-redirects@1.2.5
23 silly idealTree ├── for-in@1.0.2
23 silly idealTree ├── for-own@0.1.5
23 silly idealTree ├── forwarded@0.1.2
23 silly idealTree ├── fresh@0.5.2
23 silly idealTree ├─┬ fsevents@1.1.2
23 silly idealTree │ ├── abbrev@1.1.0
23 silly idealTree │ ├── ajv@4.11.8
23 silly idealTree │ ├── ansi-regex@2.1.1
23 silly idealTree │ ├── aproba@1.1.1
23 silly idealTree │ ├── are-we-there-yet@1.1.4
23 silly idealTree │ ├── asn1@0.2.3
23 silly idealTree │ ├── assert-plus@0.2.0
23 silly idealTree │ ├── asynckit@0.4.0
23 silly idealTree │ ├── aws-sign2@0.6.0
23 silly idealTree │ ├── aws4@1.6.0
23 silly idealTree │ ├── balanced-match@0.4.2
23 silly idealTree │ ├── bcrypt-pbkdf@1.0.1
23 silly idealTree │ ├── block-stream@0.0.9
23 silly idealTree │ ├── boom@2.10.1
23 silly idealTree │ ├── brace-expansion@1.1.7
23 silly idealTree │ ├── buffer-shims@1.0.0
23 silly idealTree │ ├── caseless@0.12.0
23 silly idealTree │ ├── co@4.6.0
23 silly idealTree │ ├── code-point-at@1.1.0
23 silly idealTree │ ├── combined-stream@1.0.5
23 silly idealTree │ ├── concat-map@0.0.1
23 silly idealTree │ ├── console-control-strings@1.1.0
23 silly idealTree │ ├── core-util-is@1.0.2
23 silly idealTree │ ├── cryptiles@2.0.5
23 silly idealTree │ ├─┬ dashdash@1.14.1
23 silly idealTree │ │ └── assert-plus@1.0.0
23 silly idealTree │ ├── debug@2.6.8
23 silly idealTree │ ├── deep-extend@0.4.2
23 silly idealTree │ ├── delayed-stream@1.0.0
23 silly idealTree │ ├── delegates@1.0.0
23 silly idealTree │ ├── ecc-jsbn@0.1.1
23 silly idealTree │ ├── extend@3.0.1
23 silly idealTree │ ├── extsprintf@1.0.2
23 silly idealTree │ ├── forever-agent@0.6.1
23 silly idealTree │ ├── form-data@2.1.4
23 silly idealTree │ ├── fs.realpath@1.0.0
23 silly idealTree │ ├── fstream-ignore@1.0.5
23 silly idealTree │ ├── fstream@1.0.11
23 silly idealTree │ ├── gauge@2.7.4
23 silly idealTree │ ├─┬ getpass@0.1.7
23 silly idealTree │ │ └── assert-plus@1.0.0
23 silly idealTree │ ├── glob@7.1.2
23 silly idealTree │ ├── graceful-fs@4.1.11
23 silly idealTree │ ├── har-schema@1.0.5
23 silly idealTree │ ├── har-validator@4.2.1
23 silly idealTree │ ├── has-unicode@2.0.1
23 silly idealTree │ ├── hawk@3.1.3
23 silly idealTree │ ├── hoek@2.16.3
23 silly idealTree │ ├── http-signature@1.1.1
23 silly idealTree │ ├── inflight@1.0.6
23 silly idealTree │ ├── inherits@2.0.3
23 silly idealTree │ ├── ini@1.3.4
23 silly idealTree │ ├── is-fullwidth-code-point@1.0.0
23 silly idealTree │ ├── is-typedarray@1.0.0
23 silly idealTree │ ├── isarray@1.0.0
23 silly idealTree │ ├── isstream@0.1.2
23 silly idealTree │ ├── jodid25519@1.0.2
23 silly idealTree │ ├── jsbn@0.1.1
23 silly idealTree │ ├── json-schema@0.2.3
23 silly idealTree │ ├── json-stable-stringify@1.0.1
23 silly idealTree │ ├── json-stringify-safe@5.0.1
23 silly idealTree │ ├── jsonify@0.0.0
23 silly idealTree │ ├─┬ jsprim@1.4.0
23 silly idealTree │ │ └── assert-plus@1.0.0
23 silly idealTree │ ├── mime-db@1.27.0
23 silly idealTree │ ├── mime-types@2.1.15
23 silly idealTree │ ├── minimatch@3.0.4
23 silly idealTree │ ├── minimist@0.0.8
23 silly idealTree │ ├── mkdirp@0.5.1
23 silly idealTree │ ├── ms@2.0.0
23 silly idealTree │ ├── node-pre-gyp@0.6.36
23 silly idealTree │ ├── nopt@4.0.1
23 silly idealTree │ ├── npmlog@4.1.0
23 silly idealTree │ ├── number-is-nan@1.0.1
23 silly idealTree │ ├── oauth-sign@0.8.2
23 silly idealTree │ ├── object-assign@4.1.1
23 silly idealTree │ ├── once@1.4.0
23 silly idealTree │ ├── os-homedir@1.0.2
23 silly idealTree │ ├── os-tmpdir@1.0.2
23 silly idealTree │ ├── osenv@0.1.4
23 silly idealTree │ ├── path-is-absolute@1.0.1
23 silly idealTree │ ├── performance-now@0.2.0
23 silly idealTree │ ├── process-nextick-args@1.0.7
23 silly idealTree │ ├── punycode@1.4.1
23 silly idealTree │ ├── qs@6.4.0
23 silly idealTree │ ├─┬ rc@1.2.1
23 silly idealTree │ │ └── minimist@1.2.0
23 silly idealTree │ ├── readable-stream@2.2.9
23 silly idealTree │ ├── request@2.81.0
23 silly idealTree │ ├── rimraf@2.6.1
23 silly idealTree │ ├── safe-buffer@5.0.1
23 silly idealTree │ ├── semver@5.3.0
23 silly idealTree │ ├── set-blocking@2.0.0
23 silly idealTree │ ├── signal-exit@3.0.2
23 silly idealTree │ ├── sntp@1.0.9
23 silly idealTree │ ├─┬ sshpk@1.13.0
23 silly idealTree │ │ └── assert-plus@1.0.0
23 silly idealTree │ ├── string_decoder@1.0.1
23 silly idealTree │ ├── string-width@1.0.2
23 silly idealTree │ ├── stringstream@0.0.5
23 silly idealTree │ ├── strip-ansi@3.0.1
23 silly idealTree │ ├── strip-json-comments@2.0.1
23 silly idealTree │ ├── tar-pack@3.4.0
23 silly idealTree │ ├── tar@2.2.1
23 silly idealTree │ ├── tough-cookie@2.3.2
23 silly idealTree │ ├── tunnel-agent@0.6.0
23 silly idealTree │ ├── tweetnacl@0.14.5
23 silly idealTree │ ├── uid-number@0.0.6
23 silly idealTree │ ├── util-deprecate@1.0.2
23 silly idealTree │ ├── uuid@3.0.1
23 silly idealTree │ ├── verror@1.3.6
23 silly idealTree │ ├── wide-align@1.1.2
23 silly idealTree │ └── wrappy@1.0.2
23 silly idealTree ├── generic-pool@3.1.8
23 silly idealTree ├── get-caller-file@1.0.2
23 silly idealTree ├── get-stream@3.0.0
23 silly idealTree ├── glob-base@0.3.0
23 silly idealTree ├── glob-parent@2.0.0
23 silly idealTree ├── globals@9.18.0
23 silly idealTree ├── graceful-fs@4.1.11
23 silly idealTree ├── has-ansi@2.0.0
23 silly idealTree ├── has-flag@2.0.0
23 silly idealTree ├── hash-base@2.0.2
23 silly idealTree ├── hash.js@1.1.3
23 silly idealTree ├── history@4.7.2
23 silly idealTree ├── hmac-drbg@1.0.1
23 silly idealTree ├── hoist-non-react-statics@2.3.1
23 silly idealTree ├── home-or-tmp@2.0.0
23 silly idealTree ├── hosted-git-info@2.5.0
23 silly idealTree ├─┬ http-errors@1.6.2
23 silly idealTree │ └── setprototypeof@1.0.3
23 silly idealTree ├── https-browserify@0.0.1
23 silly idealTree ├── iconv-lite@0.4.19
23 silly idealTree ├── ieee754@1.1.8
23 silly idealTree ├── indexof@0.0.1
23 silly idealTree ├── inflection@1.12.0
23 silly idealTree ├── inherits@2.0.3
23 silly idealTree ├── interpret@1.0.4
23 silly idealTree ├── invariant@2.2.2
23 silly idealTree ├── invert-kv@1.0.0
23 silly idealTree ├── ipaddr.js@1.5.2
23 silly idealTree ├── is-arrayish@0.2.1
23 silly idealTree ├── is-binary-path@1.0.1
23 silly idealTree ├── is-bluebird@1.0.2
23 silly idealTree ├── is-buffer@1.1.5
23 silly idealTree ├── is-builtin-module@1.0.0
23 silly idealTree ├── is-dotfile@1.0.3
23 silly idealTree ├── is-equal-shallow@0.1.3
23 silly idealTree ├── is-extendable@0.1.1
23 silly idealTree ├── is-extglob@1.0.0
23 silly idealTree ├── is-finite@1.0.2
23 silly idealTree ├── is-fullwidth-code-point@1.0.0
23 silly idealTree ├── is-glob@2.0.1
23 silly idealTree ├── is-number@2.1.0
23 silly idealTree ├── is-posix-bracket@0.1.1
23 silly idealTree ├── is-primitive@2.0.0
23 silly idealTree ├── is-stream@1.1.0
23 silly idealTree ├── isarray@1.0.0
23 silly idealTree ├── isexe@2.0.0
23 silly idealTree ├── isobject@2.1.0
23 silly idealTree ├── isomorphic-fetch@2.2.1
23 silly idealTree ├── js-string-escape@1.0.1
23 silly idealTree ├── js-tokens@3.0.2
23 silly idealTree ├── jsesc@1.3.0
23 silly idealTree ├── json-loader@0.5.7
23 silly idealTree ├── json-schema-traverse@0.3.1
23 silly idealTree ├── json-stable-stringify@1.0.1
23 silly idealTree ├── json5@0.5.1
23 silly idealTree ├── jsonify@0.0.0
23 silly idealTree ├── kind-of@3.2.2
23 silly idealTree ├── lazy-cache@1.0.4
23 silly idealTree ├── lcid@1.0.0
23 silly idealTree ├── load-json-file@2.0.0
23 silly idealTree ├── loader-runner@2.3.0
23 silly idealTree ├── loader-utils@1.1.0
23 silly idealTree ├── locate-path@2.0.0
23 silly idealTree ├── lodash-es@4.17.4
23 silly idealTree ├── lodash@4.17.4
23 silly idealTree ├── longest@1.0.1
23 silly idealTree ├── loose-envify@1.3.1
23 silly idealTree ├── lru-cache@4.1.1
23 silly idealTree ├── make-dir@1.0.0
23 silly idealTree ├─┬ md5.js@1.3.4
23 silly idealTree │ └── hash-base@3.0.4
23 silly idealTree ├── media-typer@0.3.0
23 silly idealTree ├── mem@1.1.0
23 silly idealTree ├── memory-fs@0.4.1
23 silly idealTree ├── merge-descriptors@1.0.1
23 silly idealTree ├── methods@1.1.2
23 silly idealTree ├── micromatch@2.3.11
23 silly idealTree ├── miller-rabin@4.0.1
23 silly idealTree ├── mime-db@1.30.0
23 silly idealTree ├── mime-types@2.1.17
23 silly idealTree ├── mime@1.4.1
23 silly idealTree ├── mimic-fn@1.1.0
23 silly idealTree ├── minimalistic-assert@1.0.0
23 silly idealTree ├── minimalistic-crypto-utils@1.0.1
23 silly idealTree ├── minimatch@3.0.4
23 silly idealTree ├── minimist@0.0.8
23 silly idealTree ├── mkdirp@0.5.1
23 silly idealTree ├── moment-timezone@0.5.13
23 silly idealTree ├── moment@2.18.1
23 silly idealTree ├── ms@2.0.0
23 silly idealTree ├── nan@2.7.0
23 silly idealTree ├── negotiator@0.6.1
23 silly idealTree ├── node-fetch@1.7.3
23 silly idealTree ├─┬ node-libs-browser@2.0.0
23 silly idealTree │ └── string_decoder@0.10.31
23 silly idealTree ├── normalize-package-data@2.4.0
23 silly idealTree ├── normalize-path@2.1.1
23 silly idealTree ├── npm-run-path@2.0.2
23 silly idealTree ├── number-is-nan@1.0.1
23 silly idealTree ├── object-assign@4.1.1
23 silly idealTree ├── object.omit@2.0.1
23 silly idealTree ├── on-finished@2.3.0
23 silly idealTree ├── os-browserify@0.2.1
23 silly idealTree ├── os-homedir@1.0.2
23 silly idealTree ├── os-locale@2.1.0
23 silly idealTree ├── os-tmpdir@1.0.2
23 silly idealTree ├── p-finally@1.0.0
23 silly idealTree ├── p-limit@1.1.0
23 silly idealTree ├── p-locate@2.0.0
23 silly idealTree ├── packet-reader@0.3.1
23 silly idealTree ├── pako@0.2.9
23 silly idealTree ├── parse-asn1@5.1.0
23 silly idealTree ├── parse-glob@3.0.4
23 silly idealTree ├── parse-json@2.2.0
23 silly idealTree ├── parseurl@1.3.2
23 silly idealTree ├── path-browserify@0.0.0
23 silly idealTree ├── path-exists@3.0.0
23 silly idealTree ├── path-is-absolute@1.0.1
23 silly idealTree ├── path-key@2.0.1
23 silly idealTree ├── path-to-regexp@0.1.7
23 silly idealTree ├── path-type@2.0.0
23 silly idealTree ├── pbkdf2@3.0.14
23 silly idealTree ├── pg-connection-string@0.1.3
23 silly idealTree ├── pg-pool@2.0.3
23 silly idealTree ├── pg-types@1.12.1
23 silly idealTree ├── pg@7.3.0
23 silly idealTree ├── pgpass@1.0.2
23 silly idealTree ├── pify@2.3.0
23 silly idealTree ├── pkg-dir@2.0.0
23 silly idealTree ├── postgres-array@1.0.2
23 silly idealTree ├── postgres-bytea@1.0.0
23 silly idealTree ├── postgres-date@1.0.3
23 silly idealTree ├── postgres-interval@1.1.1
23 silly idealTree ├── preserve@0.2.0
23 silly idealTree ├── private@0.1.7
23 silly idealTree ├── process-nextick-args@1.0.7
23 silly idealTree ├── process@0.11.10
23 silly idealTree ├── promise@7.3.1
23 silly idealTree ├── prop-types@15.6.0
23 silly idealTree ├── proxy-addr@2.0.2
23 silly idealTree ├── prr@0.0.0
23 silly idealTree ├── pseudomap@1.0.2
23 silly idealTree ├── public-encrypt@4.0.0
23 silly idealTree ├── punycode@1.4.1
23 silly idealTree ├── qs@6.5.1
23 silly idealTree ├── querystring-es3@0.2.1
23 silly idealTree ├── querystring@0.2.0
23 silly idealTree ├─┬ randomatic@1.1.7
23 silly idealTree │ ├─┬ is-number@3.0.0
23 silly idealTree │ │ └── kind-of@3.2.2
23 silly idealTree │ └── kind-of@4.0.0
23 silly idealTree ├── randombytes@2.0.5
23 silly idealTree ├── range-parser@1.2.0
23 silly idealTree ├── raw-body@2.3.2
23 silly idealTree ├── react-dom@15.6.2
23 silly idealTree ├── react-redux@5.0.6
23 silly idealTree ├── react-router-dom@4.2.2
23 silly idealTree ├─┬ react-router@4.2.0
23 silly idealTree │ ├── isarray@0.0.1
23 silly idealTree │ └── path-to-regexp@1.7.0
23 silly idealTree ├── react@15.6.2
23 silly idealTree ├── read-pkg-up@2.0.0
23 silly idealTree ├── read-pkg@2.0.0
23 silly idealTree ├── readable-stream@2.3.3
23 silly idealTree ├── readdirp@2.1.0
23 silly idealTree ├── redux-devtools-extension@2.13.2
23 silly idealTree ├── redux-logger@3.0.6
23 silly idealTree ├── redux-thunk@2.2.0
23 silly idealTree ├── redux@3.7.2
23 silly idealTree ├── regenerate@1.3.3
23 silly idealTree ├── regenerator-runtime@0.11.0
23 silly idealTree ├── regenerator-transform@0.10.1
23 silly idealTree ├── regex-cache@0.4.4
23 silly idealTree ├── regexpu-core@2.0.0
23 silly idealTree ├── regjsgen@0.2.0
23 silly idealTree ├─┬ regjsparser@0.1.5
23 silly idealTree │ └── jsesc@0.5.0
23 silly idealTree ├── remove-trailing-separator@1.1.0
23 silly idealTree ├── repeat-element@1.1.2
23 silly idealTree ├── repeat-string@1.6.1
23 silly idealTree ├── repeating@2.0.1
23 silly idealTree ├── require-directory@2.1.1
23 silly idealTree ├── require-main-filename@1.0.1
23 silly idealTree ├── resolve-pathname@2.2.0
23 silly idealTree ├── retry-as-promised@2.3.1
23 silly idealTree ├── right-align@0.1.3
23 silly idealTree ├── ripemd160@2.0.1
23 silly idealTree ├── safe-buffer@5.1.1
23 silly idealTree ├── semver@4.3.2
23 silly idealTree ├── send@0.16.1
23 silly idealTree ├─┬ sequelize@4.13.5
23 silly idealTree │ ├── debug@3.1.0
23 silly idealTree │ └── semver@5.4.1
23 silly idealTree ├── serve-static@1.13.1
23 silly idealTree ├── set-blocking@2.0.0
23 silly idealTree ├── set-immediate-shim@1.0.1
23 silly idealTree ├── setimmediate@1.0.5
23 silly idealTree ├── setprototypeof@1.1.0
23 silly idealTree ├── sha.js@2.4.9
23 silly idealTree ├── shebang-command@1.2.0
23 silly idealTree ├── shebang-regex@1.0.0
23 silly idealTree ├── shimmer@1.1.0
23 silly idealTree ├── signal-exit@3.0.2
23 silly idealTree ├── slash@1.0.0
23 silly idealTree ├── source-list-map@2.0.0
23 silly idealTree ├── source-map-support@0.4.18
23 silly idealTree ├── source-map@0.5.7
23 silly idealTree ├── spdx-correct@1.0.2
23 silly idealTree ├── spdx-expression-parse@1.0.4
23 silly idealTree ├── spdx-license-ids@1.2.2
23 silly idealTree ├── split@1.0.1
23 silly idealTree ├── statuses@1.3.1
23 silly idealTree ├── stream-browserify@2.0.1
23 silly idealTree ├── stream-http@2.7.2
23 silly idealTree ├── string_decoder@1.0.3
23 silly idealTree ├─┬ string-width@2.1.1
23 silly idealTree │ ├── ansi-regex@3.0.0
23 silly idealTree │ ├── is-fullwidth-code-point@2.0.0
23 silly idealTree │ └── strip-ansi@4.0.0
23 silly idealTree ├── strip-ansi@3.0.1
23 silly idealTree ├── strip-bom@3.0.0
23 silly idealTree ├── strip-eof@1.0.0
23 silly idealTree ├── supports-color@4.4.0
23 silly idealTree ├── symbol-observable@1.0.4
23 silly idealTree ├── tapable@0.2.8
23 silly idealTree ├── terraformer-wkt-parser@1.1.2
23 silly idealTree ├── terraformer@1.0.8
23 silly idealTree ├── through@2.3.8
23 silly idealTree ├── timers-browserify@2.0.4
23 silly idealTree ├── to-arraybuffer@1.0.1
23 silly idealTree ├── to-fast-properties@1.0.3
23 silly idealTree ├── toposort-class@1.0.1
23 silly idealTree ├── trim-right@1.0.1
23 silly idealTree ├── tty-browserify@0.0.0
23 silly idealTree ├── type-is@1.6.15
23 silly idealTree ├── ua-parser-js@0.7.14
23 silly idealTree ├─┬ uglify-js@2.8.29
23 silly idealTree │ └── yargs@3.10.0
23 silly idealTree ├── uglify-to-browserify@1.0.2
23 silly idealTree ├── uglifyjs-webpack-plugin@0.4.6
23 silly idealTree ├── unpipe@1.0.0
23 silly idealTree ├─┬ url@0.11.0
23 silly idealTree │ └── punycode@1.3.2
23 silly idealTree ├── util-deprecate@1.0.2
23 silly idealTree ├─┬ util@0.10.3
23 silly idealTree │ └── inherits@2.0.1
23 silly idealTree ├── utils-merge@1.0.1
23 silly idealTree ├── uuid@3.1.0
23 silly idealTree ├── validate-npm-package-license@3.0.1
23 silly idealTree ├── validator@8.2.0
23 silly idealTree ├── value-equal@0.4.0
23 silly idealTree ├── vary@1.1.2
23 silly idealTree ├── vm-browserify@0.0.4
23 silly idealTree ├── warning@3.0.0
23 silly idealTree ├── watchpack@1.4.0
23 silly idealTree ├── webpack-sources@1.0.1
23 silly idealTree ├─┬ webpack@3.6.0
23 silly idealTree │ └── supports-color@4.4.0
23 silly idealTree ├── whatwg-fetch@2.0.3
23 silly idealTree ├── which-module@2.0.0
23 silly idealTree ├── which@1.3.0
23 silly idealTree ├── window-size@0.1.0
23 silly idealTree ├── wkx@0.4.2
23 silly idealTree ├── wordwrap@0.0.2
23 silly idealTree ├─┬ wrap-ansi@2.1.0
23 silly idealTree │ └── string-width@1.0.2
23 silly idealTree ├── xtend@4.0.1
23 silly idealTree ├── y18n@3.2.1
23 silly idealTree ├── yallist@2.1.2
23 silly idealTree ├─┬ yargs-parser@7.0.0
23 silly idealTree │ └── camelcase@4.1.0
23 silly idealTree └─┬ yargs@8.0.2
23 silly idealTree   ├── camelcase@4.1.0
23 silly idealTree   └─┬ cliui@3.2.0
23 silly idealTree     └── string-width@1.0.2
24 silly generateActionsToTake Starting
25 silly install generateActionsToTake
26 silly generateActionsToTake Finishing
27 silly diffTrees action count 1
28 silly diffTrees update node-pre-gyp@0.6.36
29 silly decomposeActions action count 8
30 silly decomposeActions fetch node-pre-gyp@0.6.36
31 silly decomposeActions extract node-pre-gyp@0.6.36
32 silly decomposeActions test node-pre-gyp@0.6.36
33 silly decomposeActions preinstall node-pre-gyp@0.6.36
34 silly decomposeActions build node-pre-gyp@0.6.36
35 silly decomposeActions install node-pre-gyp@0.6.36
36 silly decomposeActions postinstall node-pre-gyp@0.6.36
37 silly decomposeActions finalize node-pre-gyp@0.6.36
38 silly executeActions Starting
39 silly install executeActions
40 silly doSerial global-install 0
41 silly doParallel fetch 1
42 verbose correctMkdir /Users/robertvandermark/.npm/_locks correctMkdir not in flight; initializing
43 verbose lock using /Users/robertvandermark/.npm/_locks/staging-9e717d7758da4600.lock for /Users/robertvandermark/Fullstack/wayneWarehouse-boilerplate/waynewarehouse/node_modules/.staging
44 silly doParallel extract 1
45 silly extract node-pre-gyp@0.6.36
46 verbose unbuild node_modules/.staging/node-pre-gyp-b0aeddd2
47 silly gentlyRm /Users/robertvandermark/Fullstack/wayneWarehouse-boilerplate/waynewarehouse/node_modules/.staging/node-pre-gyp-b0aeddd2 is being purged from base /Users/robertvandermark/Fullstack/wayneWarehouse-boilerplate/waynewarehouse
48 verbose gentlyRm don't care about contents; nuking /Users/robertvandermark/Fullstack/wayneWarehouse-boilerplate/waynewarehouse/node_modules/.staging/node-pre-gyp-b0aeddd2
49 verbose tar unpack /Users/robertvandermark/.npm/node-pre-gyp/0.6.36/package.tgz
50 verbose tar unpacking to /Users/robertvandermark/Fullstack/wayneWarehouse-boilerplate/waynewarehouse/node_modules/.staging/node-pre-gyp-b0aeddd2
51 silly gentlyRm /Users/robertvandermark/Fullstack/wayneWarehouse-boilerplate/waynewarehouse/node_modules/.staging/node-pre-gyp-b0aeddd2 is being purged
52 verbose gentlyRm don't care about contents; nuking /Users/robertvandermark/Fullstack/wayneWarehouse-boilerplate/waynewarehouse/node_modules/.staging/node-pre-gyp-b0aeddd2
53 silly gunzTarPerm modes [ '755', '644' ]
54 silly gunzTarPerm extractEntry package.json
55 silly gunzTarPerm extractEntry README.md
56 silly gunzTarPerm extractEntry LICENSE
57 silly gunzTarPerm extractEntry cloudformation/travis.template
58 silly gunzTarPerm extractEntry appveyor.yml
59 silly gunzTarPerm extractEntry bin/node-pre-gyp
60 silly gunzTarPerm extractEntry bin/node-pre-gyp.cmd
61 silly gunzTarPerm extractEntry contributing.md
62 silly gunzTarPerm extractEntry lib/build.js
63 silly gunzTarPerm extractEntry lib/install.js
64 silly gunzTarPerm extractEntry lib/node-pre-gyp.js
65 silly gunzTarPerm extractEntry lib/package.js
66 silly gunzTarPerm extractEntry lib/pre-binding.js
67 silly gunzTarPerm extractEntry lib/info.js
68 silly gunzTarPerm extractEntry lib/rebuild.js
69 silly gunzTarPerm extractEntry lib/reinstall.js
70 silly gunzTarPerm extractEntry lib/reveal.js
71 silly gunzTarPerm extractEntry lib/testbinary.js
72 silly gunzTarPerm extractEntry lib/testpackage.js
73 silly gunzTarPerm extractEntry lib/configure.js
74 silly gunzTarPerm extractEntry lib/unpublish.js
75 silly gunzTarPerm extractEntry lib/clean.js
76 silly gunzTarPerm extractEntry lib/publish.js
77 silly gunzTarPerm extractEntry lib/util/compile.js
78 silly gunzTarPerm extractEntry lib/util/handle_gyp_opts.js
79 silly gunzTarPerm extractEntry lib/util/s3_setup.js
80 silly gunzTarPerm extractEntry lib/util/versioning.js
81 silly gunzTarPerm extractEntry lib/util/abi_crosswalk.json
82 silly gunzTarPerm extractEntry lib/util/nw-pre-gyp/package.json
83 silly gunzTarPerm extractEntry lib/util/nw-pre-gyp/index.html
84 silly gunzTarPerm extractEntry template-name.diff
85 silly gunzTarPerm extractEntry CHANGELOG.md
86 silly gentlyRm /Users/robertvandermark/Fullstack/wayneWarehouse-boilerplate/waynewarehouse/node_modules/.staging/node-pre-gyp-b0aeddd2/node_modules is being purged
87 verbose gentlyRm don't care about contents; nuking /Users/robertvandermark/Fullstack/wayneWarehouse-boilerplate/waynewarehouse/node_modules/.staging/node-pre-gyp-b0aeddd2/node_modules
88 silly doParallel preinstall 1
89 silly preinstall node-pre-gyp@0.6.36 /Users/robertvandermark/Fullstack/wayneWarehouse-boilerplate/waynewarehouse/node_modules/.staging/node-pre-gyp-b0aeddd2
90 info lifecycle node-pre-gyp@0.6.36~preinstall: node-pre-gyp@0.6.36
91 silly lifecycle node-pre-gyp@0.6.36~preinstall: no script for preinstall, continuing
92 silly doReverseSerial remove 0
93 silly doSerial move 0
94 silly doSerial finalize 1
95 silly finalize /Users/robertvandermark/Fullstack/wayneWarehouse-boilerplate/waynewarehouse/node_modules/fsevents/node_modules/node-pre-gyp
96 silly doSerial build 1
97 silly build node-pre-gyp@0.6.36
98 info linkStuff node-pre-gyp@0.6.36
99 silly linkStuff node-pre-gyp@0.6.36 has /Users/robertvandermark/Fullstack/wayneWarehouse-boilerplate/waynewarehouse/node_modules/fsevents/node_modules as its parent node_modules
100 verbose linkBins node-pre-gyp@0.6.36
101 verbose link bins [ { 'node-pre-gyp': './bin/node-pre-gyp' },
101 verbose link bins   '/Users/robertvandermark/Fullstack/wayneWarehouse-boilerplate/waynewarehouse/node_modules/fsevents/node_modules/.bin',
101 verbose link bins   false ]
102 verbose linkMans node-pre-gyp@0.6.36
103 silly doSerial global-link 0
104 silly doParallel update-linked 0
105 silly doSerial install 1
106 silly install node-pre-gyp@0.6.36 /Users/robertvandermark/Fullstack/wayneWarehouse-boilerplate/waynewarehouse/node_modules/.staging/node-pre-gyp-b0aeddd2
107 info lifecycle node-pre-gyp@0.6.36~install: node-pre-gyp@0.6.36
108 silly lifecycle node-pre-gyp@0.6.36~install: no script for install, continuing
109 silly doSerial postinstall 1
110 silly postinstall node-pre-gyp@0.6.36 /Users/robertvandermark/Fullstack/wayneWarehouse-boilerplate/waynewarehouse/node_modules/.staging/node-pre-gyp-b0aeddd2
111 info lifecycle node-pre-gyp@0.6.36~postinstall: node-pre-gyp@0.6.36
112 silly lifecycle node-pre-gyp@0.6.36~postinstall: no script for postinstall, continuing
113 verbose unlock done using /Users/robertvandermark/.npm/_locks/staging-9e717d7758da4600.lock for /Users/robertvandermark/Fullstack/wayneWarehouse-boilerplate/waynewarehouse/node_modules/.staging
114 silly executeActions Finishing
115 silly rollbackFailedOptional Starting
116 silly rollbackFailedOptional Finishing
117 silly runTopLevelLifecycles Starting
118 silly install runTopLevelLifecycles
119 silly preinstall wayne-warehouse@1.0.0 /Users/robertvandermark/Fullstack/wayneWarehouse-boilerplate/waynewarehouse/wayne-warehouse-4678686a
120 info lifecycle wayne-warehouse@1.0.0~preinstall: wayne-warehouse@1.0.0
121 silly lifecycle wayne-warehouse@1.0.0~preinstall: no script for preinstall, continuing
122 silly build wayne-warehouse@1.0.0
123 info linkStuff wayne-warehouse@1.0.0
124 silly linkStuff wayne-warehouse@1.0.0 has /Users/robertvandermark/Fullstack/wayneWarehouse-boilerplate as its parent node_modules
125 verbose linkBins wayne-warehouse@1.0.0
126 verbose linkMans wayne-warehouse@1.0.0
127 silly install wayne-warehouse@1.0.0 /Users/robertvandermark/Fullstack/wayneWarehouse-boilerplate/waynewarehouse/wayne-warehouse-4678686a
128 info lifecycle wayne-warehouse@1.0.0~install: wayne-warehouse@1.0.0
129 silly lifecycle wayne-warehouse@1.0.0~install: no script for install, continuing
130 silly postinstall wayne-warehouse@1.0.0 /Users/robertvandermark/Fullstack/wayneWarehouse-boilerplate/waynewarehouse/wayne-warehouse-4678686a
131 info lifecycle wayne-warehouse@1.0.0~postinstall: wayne-warehouse@1.0.0
132 verbose lifecycle wayne-warehouse@1.0.0~postinstall: unsafe-perm in lifecycle true
133 verbose lifecycle wayne-warehouse@1.0.0~postinstall: PATH: /Users/robertvandermark/.nvm/versions/node/v6.2.1/lib/node_modules/npm/bin/node-gyp-bin:/Users/robertvandermark/Fullstack/wayneWarehouse-boilerplate/waynewarehouse/node_modules/.bin:/Users/robertvandermark/.nvm/versions/node/v6.2.1/bin:/Users/robertvandermark/.nvm/versions/node/v6.2.1/bin:/usr/local/bin:/usr/bin:/bin:/usr/sbin:/sbin:/Applications/Postgres.app/Contents/Versions/latest/bin
134 verbose lifecycle wayne-warehouse@1.0.0~postinstall: CWD: /Users/robertvandermark/Fullstack/wayneWarehouse-boilerplate/waynewarehouse
135 silly lifecycle wayne-warehouse@1.0.0~postinstall: Args: [ '-c', 'npm run webpack' ]
136 silly lifecycle wayne-warehouse@1.0.0~postinstall: Returned: code: 1  signal: null
137 info lifecycle wayne-warehouse@1.0.0~postinstall: Failed to exec postinstall script
138 warn wayne-warehouse@1.0.0 No description
139 warn wayne-warehouse@1.0.0 No repository field.
140 verbose stack Error: wayne-warehouse@1.0.0 postinstall: `npm run webpack`
140 verbose stack Exit status 1
140 verbose stack     at EventEmitter.<anonymous> (/Users/robertvandermark/.nvm/versions/node/v6.2.1/lib/node_modules/npm/lib/utils/lifecycle.js:245:16)
140 verbose stack     at emitTwo (events.js:106:13)
140 verbose stack     at EventEmitter.emit (events.js:191:7)
140 verbose stack     at ChildProcess.<anonymous> (/Users/robertvandermark/.nvm/versions/node/v6.2.1/lib/node_modules/npm/lib/utils/spawn.js:24:14)
140 verbose stack     at emitTwo (events.js:106:13)
140 verbose stack     at ChildProcess.emit (events.js:191:7)
140 verbose stack     at maybeClose (internal/child_process.js:852:16)
140 verbose stack     at Process.ChildProcess._handle.onexit (internal/child_process.js:215:5)
141 verbose pkgid wayne-warehouse@1.0.0
142 verbose cwd /Users/robertvandermark/Fullstack/wayneWarehouse-boilerplate/waynewarehouse
143 error Darwin 15.6.0
144 error argv "/Users/robertvandermark/.nvm/versions/node/v6.2.1/bin/node" "/Users/robertvandermark/.nvm/versions/node/v6.2.1/bin/npm" "install"
145 error node v6.2.1
146 error npm  v3.9.3
147 error code ELIFECYCLE
148 error wayne-warehouse@1.0.0 postinstall: `npm run webpack`
148 error Exit status 1
149 error Failed at the wayne-warehouse@1.0.0 postinstall script 'npm run webpack'.
149 error Make sure you have the latest version of node.js and npm installed.
149 error If you do, this is most likely a problem with the wayne-warehouse package,
149 error not with npm itself.
149 error Tell the author that this fails on your system:
149 error     npm run webpack
149 error You can get information on how to open an issue for this project with:
149 error     npm bugs wayne-warehouse
149 error Or if that isn't available, you can get their info via:
149 error     npm owner ls wayne-warehouse
149 error There is likely additional logging output above.
150 verbose exit [ 1, true ]
